

Started GET "/rails/info/properties" for 127.0.0.1 at Mon Jul 11 13:55:05 +0400 2011
  Processing by Rails::InfoController#properties as 
  [1m[36mSQL (22.0ms)[0m  [1m SELECT name
 FROM sqlite_master
 WHERE type = 'table' AND NOT name = 'sqlite_sequence'
[0m
Rendered inline template (1.0ms)
Completed 200 OK in 179ms (Views: 5.0ms | ActiveRecord: 22.0ms)


Started GET "/rails/info/properties" for 127.0.0.1 at Mon Jul 11 13:55:17 +0400 2011
  Processing by Rails::InfoController#properties as 
Rendered inline template (1.0ms)
Completed 200 OK in 4ms (Views: 3.0ms | ActiveRecord: 0.0ms)


Started GET "/" for 127.0.0.1 at Mon Jul 11 18:13:02 +0400 2011

ActionController::RoutingError (uninitialized constant WelcomeController):
  

Rendered C:/RailsInstaller/Ruby1.8.7/lib/ruby/gems/1.8/gems/actionpack-3.0.7/lib/action_dispatch/middleware/templates/rescues/routing_error.erb within rescues/layout (1.0ms)


Started GET "/" for 127.0.0.1 at Mon Jul 11 18:13:42 +0400 2011

AbstractController::ActionNotFound (The action 'index' could not be found for IndexController):
  

Rendered C:/RailsInstaller/Ruby1.8.7/lib/ruby/gems/1.8/gems/actionpack-3.0.7/lib/action_dispatch/middleware/templates/rescues/unknown_action.erb within rescues/layout (0.0ms)


Started GET "/" for 127.0.0.1 at Mon Jul 11 18:13:47 +0400 2011

AbstractController::ActionNotFound (The action 'index' could not be found for IndexController):
  

Rendered C:/RailsInstaller/Ruby1.8.7/lib/ruby/gems/1.8/gems/actionpack-3.0.7/lib/action_dispatch/middleware/templates/rescues/unknown_action.erb within rescues/layout (1.0ms)


Started GET "/" for 127.0.0.1 at Mon Jul 11 18:14:08 +0400 2011

AbstractController::ActionNotFound (The action 'index' could not be found for IndexController):
  

Rendered C:/RailsInstaller/Ruby1.8.7/lib/ruby/gems/1.8/gems/actionpack-3.0.7/lib/action_dispatch/middleware/templates/rescues/unknown_action.erb within rescues/layout (0.0ms)


Started GET "/" for 127.0.0.1 at Mon Jul 11 18:14:13 +0400 2011

AbstractController::ActionNotFound (The action 'index' could not be found for IndexController):
  

Rendered C:/RailsInstaller/Ruby1.8.7/lib/ruby/gems/1.8/gems/actionpack-3.0.7/lib/action_dispatch/middleware/templates/rescues/unknown_action.erb within rescues/layout (1.0ms)


Started GET "/" for 127.0.0.1 at Mon Jul 11 18:16:10 +0400 2011

AbstractController::ActionNotFound (The action 'index' could not be found for IndexController):
  

Rendered C:/RailsInstaller/Ruby1.8.7/lib/ruby/gems/1.8/gems/actionpack-3.0.7/lib/action_dispatch/middleware/templates/rescues/unknown_action.erb within rescues/layout (0.0ms)


Started GET "/" for 127.0.0.1 at Mon Jul 11 18:16:41 +0400 2011

AbstractController::ActionNotFound (The action 'index' could not be found for IndexController):
  

Rendered C:/RailsInstaller/Ruby1.8.7/lib/ruby/gems/1.8/gems/actionpack-3.0.7/lib/action_dispatch/middleware/templates/rescues/unknown_action.erb within rescues/layout (1.0ms)


Started GET "/" for 127.0.0.1 at Mon Jul 11 18:16:48 +0400 2011

AbstractController::ActionNotFound (The action 'index' could not be found for IndexController):
  

Rendered C:/RailsInstaller/Ruby1.8.7/lib/ruby/gems/1.8/gems/actionpack-3.0.7/lib/action_dispatch/middleware/templates/rescues/unknown_action.erb within rescues/layout (1.0ms)


Started GET "/" for 127.0.0.1 at Mon Jul 11 18:17:26 +0400 2011
  Processing by IndexController#index as HTML
Completed   in 34ms

ActionView::MissingTemplate (Missing template index/index with {:locale=>[:en, :en], :formats=>[:html], :handlers=>[:rjs, :rhtml, :rxml, :builder, :erb]} in view paths "C:/Sites/oddschecker/app/views"):
  

Rendered C:/RailsInstaller/Ruby1.8.7/lib/ruby/gems/1.8/gems/actionpack-3.0.7/lib/action_dispatch/middleware/templates/rescues/missing_template.erb within rescues/layout (0.0ms)


Started GET "/" for 127.0.0.1 at Mon Jul 11 18:18:29 +0400 2011
  Processing by IndexController#index as HTML
Completed   in 10ms

ActionView::MissingTemplate (Missing template index/index with {:locale=>[:en, :en], :formats=>[:html], :handlers=>[:rjs, :rhtml, :rxml, :builder, :erb]} in view paths "C:/Sites/oddschecker/app/views"):
  

Rendered C:/RailsInstaller/Ruby1.8.7/lib/ruby/gems/1.8/gems/actionpack-3.0.7/lib/action_dispatch/middleware/templates/rescues/missing_template.erb within rescues/layout (1.0ms)


Started GET "/" for 127.0.0.1 at Mon Jul 11 18:18:30 +0400 2011
  Processing by IndexController#index as HTML
Completed   in 13ms

ActionView::MissingTemplate (Missing template index/index with {:locale=>[:en, :en], :formats=>[:html], :handlers=>[:rjs, :rhtml, :rxml, :builder, :erb]} in view paths "C:/Sites/oddschecker/app/views"):
  

Rendered C:/RailsInstaller/Ruby1.8.7/lib/ruby/gems/1.8/gems/actionpack-3.0.7/lib/action_dispatch/middleware/templates/rescues/missing_template.erb within rescues/layout (1.0ms)


Started GET "/" for 127.0.0.1 at Mon Jul 11 18:18:34 +0400 2011
  Processing by IndexController#index as HTML
Completed   in 53ms

ActionView::MissingTemplate (Missing template index/index with {:locale=>[:en, :en], :formats=>[:html], :handlers=>[:rjs, :rhtml, :rxml, :builder, :erb]} in view paths "C:/Sites/oddschecker/app/views"):
  

Rendered C:/RailsInstaller/Ruby1.8.7/lib/ruby/gems/1.8/gems/actionpack-3.0.7/lib/action_dispatch/middleware/templates/rescues/missing_template.erb within rescues/layout (1.0ms)


Started GET "/" for 127.0.0.1 at Mon Jul 11 18:22:02 +0400 2011
  Processing by IndexController#index as HTML
Rendered index/index.html.erb within layouts/application (3.0ms)
Completed 200 OK in 17ms (Views: 17.0ms | ActiveRecord: 0.0ms)


Started GET "/" for 127.0.0.1 at Mon Jul 11 18:22:06 +0400 2011
  Processing by IndexController#index as HTML
Rendered index/index.html.erb within layouts/application (4.0ms)
Completed 200 OK in 24ms (Views: 23.0ms | ActiveRecord: 0.0ms)


Started GET "/" for 127.0.0.1 at 2011-07-11 22:05:44 +0400
  Processing by IndexController#index as HTML
Rendered index/index.html.erb within layouts/application (3.0ms)
Completed 200 OK in 78ms (Views: 78.0ms | ActiveRecord: 0.0ms)


Started GET "/" for 127.0.0.1 at 2011-07-11 22:20:52 +0400
  Processing by SiteNavigationController#home as HTML
Rendered site_navigation/home.html.erb within layouts/application (2.0ms)
Completed 200 OK in 50ms (Views: 25.0ms | ActiveRecord: 0.0ms)


Started GET "/about" for 127.0.0.1 at 2011-07-11 22:21:01 +0400

ActionController::RoutingError (No route matches "/about"):
  

Rendered C:/Ruby192/lib/ruby/gems/1.9.1/gems/actionpack-3.0.7/lib/action_dispatch/middleware/templates/rescues/routing_error.erb within rescues/layout (0.0ms)


Started GET "/" for 127.0.0.1 at 2011-07-11 22:21:08 +0400
  Processing by SiteNavigationController#home as HTML
Rendered site_navigation/home.html.erb within layouts/application (2.0ms)
Completed 200 OK in 18ms (Views: 17.0ms | ActiveRecord: 0.0ms)


Started GET "/" for 127.0.0.1 at 2011-07-11 22:23:07 +0400

ArgumentError (missing :action):
  config/routes.rb:2:in `block in <top (required)>'
  config/routes.rb:1:in `<top (required)>'

Rendered C:/Ruby192/lib/ruby/gems/1.9.1/gems/actionpack-3.0.7/lib/action_dispatch/middleware/templates/rescues/_trace.erb (1.0ms)
Rendered C:/Ruby192/lib/ruby/gems/1.9.1/gems/actionpack-3.0.7/lib/action_dispatch/middleware/templates/rescues/_request_and_response.erb (1.0ms)
Rendered C:/Ruby192/lib/ruby/gems/1.9.1/gems/actionpack-3.0.7/lib/action_dispatch/middleware/templates/rescues/diagnostics.erb within rescues/layout (13.0ms)


Started GET "/" for 127.0.0.1 at 2011-07-11 22:23:15 +0400

ActionController::RoutingError (No route matches "/"):
  

Rendered C:/Ruby192/lib/ruby/gems/1.9.1/gems/actionpack-3.0.7/lib/action_dispatch/middleware/templates/rescues/routing_error.erb within rescues/layout (2.0ms)


Started GET "/" for 127.0.0.1 at 2011-07-11 22:23:17 +0400

ActionController::RoutingError (No route matches "/"):
  

Rendered C:/Ruby192/lib/ruby/gems/1.9.1/gems/actionpack-3.0.7/lib/action_dispatch/middleware/templates/rescues/routing_error.erb within rescues/layout (1.0ms)


Started GET "/home" for 127.0.0.1 at 2011-07-11 22:23:20 +0400

ActionController::RoutingError (No route matches "/home"):
  

Rendered C:/Ruby192/lib/ruby/gems/1.9.1/gems/actionpack-3.0.7/lib/action_dispatch/middleware/templates/rescues/routing_error.erb within rescues/layout (1.0ms)


Started GET "/home" for 127.0.0.1 at 2011-07-11 22:23:36 +0400

ActionController::RoutingError (No route matches "/home"):
  

Rendered C:/Ruby192/lib/ruby/gems/1.9.1/gems/actionpack-3.0.7/lib/action_dispatch/middleware/templates/rescues/routing_error.erb within rescues/layout (1.0ms)


Started GET "/" for 127.0.0.1 at 2011-07-11 22:23:37 +0400
  Processing by SiteNavigationController#home as HTML
Rendered site_navigation/home.html.erb within layouts/application (3.0ms)
Completed 200 OK in 25ms (Views: 25.0ms | ActiveRecord: 0.0ms)


Started GET "/" for 127.0.0.1 at 2011-07-11 22:23:38 +0400
  Processing by SiteNavigationController#home as HTML
Rendered site_navigation/home.html.erb within layouts/application (3.0ms)
Completed 200 OK in 16ms (Views: 16.0ms | ActiveRecord: 0.0ms)


Started GET "/" for 127.0.0.1 at 2011-07-11 22:24:41 +0400

ArgumentError (missing :controller):
  config/routes.rb:2:in `block in <top (required)>'
  config/routes.rb:1:in `<top (required)>'

Rendered C:/Ruby192/lib/ruby/gems/1.9.1/gems/actionpack-3.0.7/lib/action_dispatch/middleware/templates/rescues/_trace.erb (1.0ms)
Rendered C:/Ruby192/lib/ruby/gems/1.9.1/gems/actionpack-3.0.7/lib/action_dispatch/middleware/templates/rescues/_request_and_response.erb (2.0ms)
Rendered C:/Ruby192/lib/ruby/gems/1.9.1/gems/actionpack-3.0.7/lib/action_dispatch/middleware/templates/rescues/diagnostics.erb within rescues/layout (16.0ms)


Started GET "/" for 127.0.0.1 at 2011-07-11 22:26:32 +0400
  Processing by SiteNavigationController#home as HTML
Rendered site_navigation/home.html.erb within layouts/application (2.0ms)
Completed 200 OK in 20ms (Views: 20.0ms | ActiveRecord: 0.0ms)


Started GET "/site_navigation/about.html" for 127.0.0.1 at 2011-07-11 22:26:34 +0400
  Processing by SiteNavigationController#about as HTML
Rendered site_navigation/about.html.erb within layouts/application (3.0ms)
Completed 200 OK in 20ms (Views: 19.0ms | ActiveRecord: 0.0ms)


Started GET "/site_navigation/about.html" for 127.0.0.1 at 2011-07-11 22:26:38 +0400
  Processing by SiteNavigationController#about as HTML
Rendered site_navigation/about.html.erb within layouts/application (3.0ms)
Completed 200 OK in 34ms (Views: 34.0ms | ActiveRecord: 0.0ms)


Started GET "/site_navigation/about.html" for 127.0.0.1 at 2011-07-11 22:26:41 +0400
  Processing by SiteNavigationController#about as HTML
Rendered site_navigation/about.html.erb within layouts/application (2.0ms)
Completed 200 OK in 18ms (Views: 18.0ms | ActiveRecord: 0.0ms)


Started GET "/site_navigation/about.html" for 127.0.0.1 at 2011-07-11 22:26:52 +0400
  Processing by SiteNavigationController#about as HTML
Rendered site_navigation/about.html.erb within layouts/application (3.0ms)
Completed 200 OK in 17ms (Views: 17.0ms | ActiveRecord: 0.0ms)


Started GET "/home" for 127.0.0.1 at 2011-07-11 22:51:21 +0400

ActionController::RoutingError (No route matches "/home"):
  

Rendered C:/Ruby192/lib/ruby/gems/1.9.1/gems/actionpack-3.0.7/lib/action_dispatch/middleware/templates/rescues/routing_error.erb within rescues/layout (1.0ms)


Started GET "/site_navigation/home" for 127.0.0.1 at 2011-07-11 22:51:33 +0400
  Processing by SiteNavigationController#home as HTML
Rendered site_navigation/home.html.erb within layouts/application (4.0ms)
Completed 200 OK in 19ms (Views: 18.0ms | ActiveRecord: 0.0ms)


Started GET "/" for 127.0.0.1 at 2011-07-11 22:53:32 +0400
  Processing by SiteNavigationController#home as HTML
Rendered site_navigation/home.html.erb within layouts/application (3.0ms)
Completed 200 OK in 18ms (Views: 18.0ms | ActiveRecord: 0.0ms)


Started GET "/site_navigation/about.html" for 127.0.0.1 at 2011-07-11 22:53:33 +0400
  Processing by SiteNavigationController#about as HTML
Rendered site_navigation/about.html.erb within layouts/application (4.0ms)
Completed 200 OK in 19ms (Views: 19.0ms | ActiveRecord: 0.0ms)


Started GET "/" for 127.0.0.1 at 2011-07-11 22:57:37 +0400

ArgumentError (missing :action):
  config/routes.rb:3:in `block in <top (required)>'
  config/routes.rb:1:in `<top (required)>'

Rendered C:/Ruby192/lib/ruby/gems/1.9.1/gems/actionpack-3.0.7/lib/action_dispatch/middleware/templates/rescues/_trace.erb (1.0ms)
Rendered C:/Ruby192/lib/ruby/gems/1.9.1/gems/actionpack-3.0.7/lib/action_dispatch/middleware/templates/rescues/_request_and_response.erb (1.0ms)
Rendered C:/Ruby192/lib/ruby/gems/1.9.1/gems/actionpack-3.0.7/lib/action_dispatch/middleware/templates/rescues/diagnostics.erb within rescues/layout (15.0ms)


Started GET "/" for 127.0.0.1 at 2011-07-11 23:00:42 +0400
  Processing by SiteNavigationController#home as HTML
Rendered site_navigation/home.html.erb within layouts/application (2.0ms)
Completed 200 OK in 20ms (Views: 19.0ms | ActiveRecord: 0.0ms)


Started GET "/site_navigation/about.html" for 127.0.0.1 at 2011-07-11 23:00:45 +0400
  Processing by SiteNavigationController#about as HTML
Rendered site_navigation/about.html.erb within layouts/application (2.0ms)
Completed 200 OK in 18ms (Views: 18.0ms | ActiveRecord: 0.0ms)


Started GET "/home.html" for 127.0.0.1 at 2011-07-11 23:00:54 +0400

ActionController::RoutingError (No route matches "/home.html"):
  

Rendered C:/Ruby192/lib/ruby/gems/1.9.1/gems/actionpack-3.0.7/lib/action_dispatch/middleware/templates/rescues/routing_error.erb within rescues/layout (1.0ms)


Started GET "/" for 127.0.0.1 at 2011-07-11 23:01:27 +0400

ArgumentError (missing :controller):
  config/routes.rb:2:in `block in <top (required)>'
  config/routes.rb:1:in `<top (required)>'

Rendered C:/Ruby192/lib/ruby/gems/1.9.1/gems/actionpack-3.0.7/lib/action_dispatch/middleware/templates/rescues/_trace.erb (1.0ms)
Rendered C:/Ruby192/lib/ruby/gems/1.9.1/gems/actionpack-3.0.7/lib/action_dispatch/middleware/templates/rescues/_request_and_response.erb (1.0ms)
Rendered C:/Ruby192/lib/ruby/gems/1.9.1/gems/actionpack-3.0.7/lib/action_dispatch/middleware/templates/rescues/diagnostics.erb within rescues/layout (15.0ms)


Started GET "/" for 127.0.0.1 at 2011-07-11 23:01:29 +0400

ActionController::RoutingError (No route matches "/"):
  

Rendered C:/Ruby192/lib/ruby/gems/1.9.1/gems/actionpack-3.0.7/lib/action_dispatch/middleware/templates/rescues/routing_error.erb within rescues/layout (1.0ms)


Started GET "/" for 127.0.0.1 at 2011-07-11 23:01:30 +0400

ActionController::RoutingError (No route matches "/"):
  

Rendered C:/Ruby192/lib/ruby/gems/1.9.1/gems/actionpack-3.0.7/lib/action_dispatch/middleware/templates/rescues/routing_error.erb within rescues/layout (1.0ms)


Started GET "/" for 127.0.0.1 at 2011-07-11 23:01:31 +0400

ActionController::RoutingError (No route matches "/"):
  

Rendered C:/Ruby192/lib/ruby/gems/1.9.1/gems/actionpack-3.0.7/lib/action_dispatch/middleware/templates/rescues/routing_error.erb within rescues/layout (1.0ms)


Started GET "/" for 127.0.0.1 at 2011-07-11 23:01:33 +0400

ActionController::RoutingError (No route matches "/"):
  

Rendered C:/Ruby192/lib/ruby/gems/1.9.1/gems/actionpack-3.0.7/lib/action_dispatch/middleware/templates/rescues/routing_error.erb within rescues/layout (1.0ms)


Started GET "/" for 127.0.0.1 at 2011-07-11 23:01:50 +0400
  Processing by SiteNavigationController#home as HTML
Rendered site_navigation/home.html.erb within layouts/application (2.0ms)
Completed 200 OK in 21ms (Views: 21.0ms | ActiveRecord: 0.0ms)


Started GET "/home/about" for 127.0.0.1 at 2011-07-11 23:07:22 +0400

SyntaxError (C:/Sites/oddschecker/config/routes.rb:6: syntax error, unexpected ':', expecting keyword_end
...t" => "site_navigation#about" :as => :about
...                               ^):
  

Rendered C:/Ruby192/lib/ruby/gems/1.9.1/gems/actionpack-3.0.7/lib/action_dispatch/middleware/templates/rescues/_trace.erb (1.0ms)
Rendered C:/Ruby192/lib/ruby/gems/1.9.1/gems/actionpack-3.0.7/lib/action_dispatch/middleware/templates/rescues/_request_and_response.erb (2.0ms)
Rendered C:/Ruby192/lib/ruby/gems/1.9.1/gems/actionpack-3.0.7/lib/action_dispatch/middleware/templates/rescues/diagnostics.erb within rescues/layout (16.0ms)


Started GET "/" for 127.0.0.1 at 2011-07-11 23:08:39 +0400

ActionController::RoutingError (No route matches "/"):
  

Rendered C:/Ruby192/lib/ruby/gems/1.9.1/gems/actionpack-3.0.7/lib/action_dispatch/middleware/templates/rescues/routing_error.erb within rescues/layout (2.0ms)


Started GET "/" for 127.0.0.1 at 2011-07-11 23:08:44 +0400

ActionController::RoutingError (No route matches "/"):
  

Rendered C:/Ruby192/lib/ruby/gems/1.9.1/gems/actionpack-3.0.7/lib/action_dispatch/middleware/templates/rescues/routing_error.erb within rescues/layout (1.0ms)


Started GET "/home" for 127.0.0.1 at 2011-07-11 23:08:47 +0400

ActionController::RoutingError (No route matches "/home"):
  

Rendered C:/Ruby192/lib/ruby/gems/1.9.1/gems/actionpack-3.0.7/lib/action_dispatch/middleware/templates/rescues/routing_error.erb within rescues/layout (0.0ms)


Started GET "/about" for 127.0.0.1 at 2011-07-11 23:08:51 +0400

ActionController::RoutingError (No route matches "/about"):
  

Rendered C:/Ruby192/lib/ruby/gems/1.9.1/gems/actionpack-3.0.7/lib/action_dispatch/middleware/templates/rescues/routing_error.erb within rescues/layout (1.0ms)


Started GET "/about" for 127.0.0.1 at 2011-07-11 23:09:10 +0400

ActionController::RoutingError (No route matches "/about"):
  

Rendered C:/Ruby192/lib/ruby/gems/1.9.1/gems/actionpack-3.0.7/lib/action_dispatch/middleware/templates/rescues/routing_error.erb within rescues/layout (1.0ms)


Started GET "/" for 127.0.0.1 at 2011-07-11 23:09:12 +0400
  Processing by SiteNavigationController#home as HTML
Rendered site_navigation/home.html.erb within layouts/application (3.0ms)
Completed 200 OK in 19ms (Views: 18.0ms | ActiveRecord: 0.0ms)


Started GET "/" for 127.0.0.1 at 2011-07-11 23:11:09 +0400
  Processing by SiteNavigationController#home as HTML
Rendered site_navigation/home.html.erb within layouts/application (3.0ms)
Completed 200 OK in 17ms (Views: 17.0ms | ActiveRecord: 0.0ms)


Started GET "/site_navigation/about.html" for 127.0.0.1 at 2011-07-11 23:11:12 +0400
  Processing by SiteNavigationController#about as HTML
Rendered site_navigation/about.html.erb within layouts/application (2.0ms)
Completed 200 OK in 18ms (Views: 17.0ms | ActiveRecord: 0.0ms)


Started GET "/about.html" for 127.0.0.1 at 2011-07-11 23:11:17 +0400

ActionController::RoutingError (No route matches "/about.html"):
  

Rendered C:/Ruby192/lib/ruby/gems/1.9.1/gems/actionpack-3.0.7/lib/action_dispatch/middleware/templates/rescues/routing_error.erb within rescues/layout (1.0ms)


Started GET "/about.html" for 127.0.0.1 at 2011-07-11 23:11:19 +0400

ActionController::RoutingError (No route matches "/about.html"):
  

Rendered C:/Ruby192/lib/ruby/gems/1.9.1/gems/actionpack-3.0.7/lib/action_dispatch/middleware/templates/rescues/routing_error.erb within rescues/layout (1.0ms)


Started GET "/about.html" for 127.0.0.1 at 2011-07-11 23:11:19 +0400

ActionController::RoutingError (No route matches "/about.html"):
  

Rendered C:/Ruby192/lib/ruby/gems/1.9.1/gems/actionpack-3.0.7/lib/action_dispatch/middleware/templates/rescues/routing_error.erb within rescues/layout (1.0ms)


Started GET "/about.html" for 127.0.0.1 at 2011-07-11 23:11:32 +0400

ActionController::RoutingError (No route matches "/about.html"):
  

Rendered C:/Ruby192/lib/ruby/gems/1.9.1/gems/actionpack-3.0.7/lib/action_dispatch/middleware/templates/rescues/routing_error.erb within rescues/layout (1.0ms)


Started GET "/about" for 127.0.0.1 at 2011-07-11 23:11:34 +0400

ActionController::RoutingError (No route matches "/about"):
  

Rendered C:/Ruby192/lib/ruby/gems/1.9.1/gems/actionpack-3.0.7/lib/action_dispatch/middleware/templates/rescues/routing_error.erb within rescues/layout (1.0ms)


Started GET "/site_navigation/about.html" for 127.0.0.1 at 2011-07-11 23:11:39 +0400
  Processing by SiteNavigationController#about as HTML
Rendered site_navigation/about.html.erb within layouts/application (2.0ms)
Completed 200 OK in 19ms (Views: 19.0ms | ActiveRecord: 0.0ms)


Started GET "/site_navigation" for 127.0.0.1 at 2011-07-11 23:11:44 +0400

ActionController::RoutingError (No route matches "/site_navigation"):
  

Rendered C:/Ruby192/lib/ruby/gems/1.9.1/gems/actionpack-3.0.7/lib/action_dispatch/middleware/templates/rescues/routing_error.erb within rescues/layout (1.0ms)


Started GET "/home" for 127.0.0.1 at 2011-07-11 23:11:50 +0400

ActionController::RoutingError (No route matches "/home"):
  

Rendered C:/Ruby192/lib/ruby/gems/1.9.1/gems/actionpack-3.0.7/lib/action_dispatch/middleware/templates/rescues/routing_error.erb within rescues/layout (1.0ms)


Started GET "/home.html" for 127.0.0.1 at 2011-07-11 23:11:56 +0400

ActionController::RoutingError (No route matches "/home.html"):
  

Rendered C:/Ruby192/lib/ruby/gems/1.9.1/gems/actionpack-3.0.7/lib/action_dispatch/middleware/templates/rescues/routing_error.erb within rescues/layout (1.0ms)


Started GET "/" for 127.0.0.1 at 2011-07-11 23:13:26 +0400
  Processing by SiteNavigationController#home as HTML
Rendered site_navigation/home.html.erb within layouts/application (3.0ms)
Completed 200 OK in 21ms (Views: 20.0ms | ActiveRecord: 0.0ms)


Started GET "/site_navigation/about.html" for 127.0.0.1 at 2011-07-11 23:13:28 +0400
  Processing by SiteNavigationController#about as HTML
Rendered site_navigation/about.html.erb within layouts/application (2.0ms)
Completed 200 OK in 18ms (Views: 17.0ms | ActiveRecord: 0.0ms)


Started GET "/about" for 127.0.0.1 at 2011-07-11 23:13:33 +0400
  Processing by SiteNavigationController#about as HTML
Rendered site_navigation/about.html.erb within layouts/application (3.0ms)
Completed 200 OK in 18ms (Views: 17.0ms | ActiveRecord: 0.0ms)


Started GET "/about" for 127.0.0.1 at 2011-07-11 23:13:34 +0400
  Processing by SiteNavigationController#about as HTML
Rendered site_navigation/about.html.erb within layouts/application (2.0ms)
Completed 200 OK in 20ms (Views: 19.0ms | ActiveRecord: 0.0ms)


Started GET "/about" for 127.0.0.1 at 2011-07-11 23:13:35 +0400
  Processing by SiteNavigationController#about as HTML
Rendered site_navigation/about.html.erb within layouts/application (2.0ms)
Completed 200 OK in 19ms (Views: 19.0ms | ActiveRecord: 0.0ms)


Started GET "/" for 127.0.0.1 at 2011-07-11 23:15:19 +0400
  Processing by SiteNavigationController#home as HTML
Rendered site_navigation/home.html.erb within layouts/application (23.0ms)
Completed 200 OK in 49ms (Views: 48.0ms | ActiveRecord: 0.0ms)


Started GET "/about" for 127.0.0.1 at 2011-07-11 23:15:20 +0400
  Processing by SiteNavigationController#about as HTML
Rendered site_navigation/about.html.erb within layouts/application (4.0ms)
Completed 200 OK in 20ms (Views: 20.0ms | ActiveRecord: 0.0ms)


Started GET "/home" for 127.0.0.1 at 2011-07-11 23:15:23 +0400
  Processing by SiteNavigationController#home as HTML
Rendered site_navigation/home.html.erb within layouts/application (3.0ms)
Completed 200 OK in 27ms (Views: 27.0ms | ActiveRecord: 0.0ms)


Started GET "/about" for 127.0.0.1 at 2011-07-11 23:15:43 +0400
  Processing by SiteNavigationController#about as HTML
Rendered site_navigation/about.html.erb within layouts/application (3.0ms)
Completed 200 OK in 17ms (Views: 16.0ms | ActiveRecord: 0.0ms)


Started GET "/home" for 127.0.0.1 at 2011-07-11 23:15:44 +0400
  Processing by SiteNavigationController#home as HTML
Rendered site_navigation/home.html.erb within layouts/application (2.0ms)
Completed 200 OK in 17ms (Views: 16.0ms | ActiveRecord: 0.0ms)


Started GET "/about" for 127.0.0.1 at 2011-07-11 23:15:44 +0400
  Processing by SiteNavigationController#about as HTML
Rendered site_navigation/about.html.erb within layouts/application (3.0ms)
Completed 200 OK in 19ms (Views: 19.0ms | ActiveRecord: 0.0ms)


Started GET "/home" for 127.0.0.1 at 2011-07-11 23:15:45 +0400
  Processing by SiteNavigationController#home as HTML
Rendered site_navigation/home.html.erb within layouts/application (3.0ms)
Completed 200 OK in 20ms (Views: 20.0ms | ActiveRecord: 0.0ms)


Started GET "/site_navigation/about.html" for 127.0.0.1 at 2011-07-11 23:16:25 +0400
  Processing by SiteNavigationController#about as HTML
Rendered site_navigation/about.html.erb within layouts/application (2.0ms)
Completed 200 OK in 20ms (Views: 20.0ms | ActiveRecord: 0.0ms)


Started GET "/site_navigation/home" for 127.0.0.1 at 2011-07-11 23:16:27 +0400
  Processing by SiteNavigationController#home as HTML
Rendered site_navigation/home.html.erb within layouts/application (3.0ms)
Completed 200 OK in 17ms (Views: 17.0ms | ActiveRecord: 0.0ms)


Started GET "/site_navigation/about" for 127.0.0.1 at 2011-07-11 23:16:27 +0400
  Processing by SiteNavigationController#about as HTML
Rendered site_navigation/about.html.erb within layouts/application (3.0ms)
Completed 200 OK in 19ms (Views: 19.0ms | ActiveRecord: 0.0ms)


Started GET "/site_navigation/home" for 127.0.0.1 at 2011-07-11 23:16:28 +0400
  Processing by SiteNavigationController#home as HTML
Rendered site_navigation/home.html.erb within layouts/application (3.0ms)
Completed 200 OK in 20ms (Views: 20.0ms | ActiveRecord: 0.0ms)


Started GET "/site_navigation/about" for 127.0.0.1 at 2011-07-11 23:16:29 +0400
  Processing by SiteNavigationController#about as HTML
Rendered site_navigation/about.html.erb within layouts/application (3.0ms)
Completed 200 OK in 18ms (Views: 18.0ms | ActiveRecord: 0.0ms)


Started GET "/site_navigation/home" for 127.0.0.1 at 2011-07-11 23:16:31 +0400
  Processing by SiteNavigationController#home as HTML
Rendered site_navigation/home.html.erb within layouts/application (3.0ms)
Completed 200 OK in 18ms (Views: 18.0ms | ActiveRecord: 0.0ms)


Started GET "/site_navigation/about" for 127.0.0.1 at 2011-07-11 23:16:32 +0400
  Processing by SiteNavigationController#about as HTML
Rendered site_navigation/about.html.erb within layouts/application (3.0ms)
Completed 200 OK in 17ms (Views: 17.0ms | ActiveRecord: 0.0ms)


Started GET "/site_navigation/home" for 127.0.0.1 at 2011-07-11 23:16:32 +0400
  Processing by SiteNavigationController#home as HTML
Rendered site_navigation/home.html.erb within layouts/application (4.0ms)
Completed 200 OK in 22ms (Views: 21.0ms | ActiveRecord: 0.0ms)


Started GET "/site_navigation/home" for 127.0.0.1 at 2011-07-11 23:16:34 +0400
  Processing by SiteNavigationController#home as HTML
Rendered site_navigation/home.html.erb within layouts/application (2.0ms)
Completed 200 OK in 17ms (Views: 17.0ms | ActiveRecord: 0.0ms)


Started GET "/" for 127.0.0.1 at 2011-07-11 23:16:37 +0400
  Processing by SiteNavigationController#home as HTML
Rendered site_navigation/home.html.erb within layouts/application (2.0ms)
Completed 200 OK in 16ms (Views: 16.0ms | ActiveRecord: 0.0ms)


Started GET "/about" for 127.0.0.1 at 2011-07-11 23:16:38 +0400
  Processing by SiteNavigationController#about as HTML
Rendered site_navigation/about.html.erb within layouts/application (3.0ms)
Completed 200 OK in 17ms (Views: 17.0ms | ActiveRecord: 0.0ms)


Started GET "/home" for 127.0.0.1 at 2011-07-11 23:16:38 +0400
  Processing by SiteNavigationController#home as HTML
Rendered site_navigation/home.html.erb within layouts/application (3.0ms)
Completed 200 OK in 17ms (Views: 17.0ms | ActiveRecord: 0.0ms)


Started GET "/about" for 127.0.0.1 at 2011-07-11 23:16:39 +0400
  Processing by SiteNavigationController#about as HTML
Rendered site_navigation/about.html.erb within layouts/application (2.0ms)
Completed 200 OK in 16ms (Views: 16.0ms | ActiveRecord: 0.0ms)


Started GET "/home" for 127.0.0.1 at 2011-07-11 23:16:39 +0400
  Processing by SiteNavigationController#home as HTML
Rendered site_navigation/home.html.erb within layouts/application (2.0ms)
Completed 200 OK in 21ms (Views: 20.0ms | ActiveRecord: 0.0ms)


Started GET "/about" for 127.0.0.1 at 2011-07-11 23:16:40 +0400
  Processing by SiteNavigationController#about as HTML
Rendered site_navigation/about.html.erb within layouts/application (4.0ms)
Completed 200 OK in 21ms (Views: 21.0ms | ActiveRecord: 0.0ms)


Started GET "/home" for 127.0.0.1 at 2011-07-11 23:16:42 +0400
  Processing by SiteNavigationController#home as HTML
Rendered site_navigation/home.html.erb within layouts/application (2.0ms)
Completed 200 OK in 17ms (Views: 16.0ms | ActiveRecord: 0.0ms)


Started GET "/about" for 127.0.0.1 at 2011-07-11 23:16:42 +0400
  Processing by SiteNavigationController#about as HTML
Rendered site_navigation/about.html.erb within layouts/application (3.0ms)
Completed 200 OK in 18ms (Views: 18.0ms | ActiveRecord: 0.0ms)


Started GET "/home" for 127.0.0.1 at 2011-07-11 23:16:43 +0400
  Processing by SiteNavigationController#home as HTML
Rendered site_navigation/home.html.erb within layouts/application (2.0ms)
Completed 200 OK in 18ms (Views: 18.0ms | ActiveRecord: 0.0ms)


Started GET "/" for 127.0.0.1 at 2011-07-11 23:16:47 +0400
  Processing by SiteNavigationController#home as HTML
Rendered site_navigation/home.html.erb within layouts/application (2.0ms)
Completed 200 OK in 16ms (Views: 16.0ms | ActiveRecord: 0.0ms)


Started GET "/about" for 127.0.0.1 at 2011-07-11 23:16:49 +0400
  Processing by SiteNavigationController#about as HTML
Rendered site_navigation/about.html.erb within layouts/application (2.0ms)
Completed 200 OK in 18ms (Views: 17.0ms | ActiveRecord: 0.0ms)


Started GET "/home" for 127.0.0.1 at 2011-07-11 23:16:50 +0400
  Processing by SiteNavigationController#home as HTML
Rendered site_navigation/home.html.erb within layouts/application (3.0ms)
Completed 200 OK in 20ms (Views: 20.0ms | ActiveRecord: 0.0ms)


Started GET "/about" for 127.0.0.1 at 2011-07-11 23:16:50 +0400
  Processing by SiteNavigationController#about as HTML
Rendered site_navigation/about.html.erb within layouts/application (3.0ms)
Completed 200 OK in 17ms (Views: 16.0ms | ActiveRecord: 0.0ms)


Started GET "/home" for 127.0.0.1 at 2011-07-11 23:16:50 +0400
  Processing by SiteNavigationController#home as HTML
Rendered site_navigation/home.html.erb within layouts/application (2.0ms)
Completed 200 OK in 18ms (Views: 18.0ms | ActiveRecord: 0.0ms)


Started GET "/about" for 127.0.0.1 at 2011-07-11 23:16:51 +0400
  Processing by SiteNavigationController#about as HTML
Rendered site_navigation/about.html.erb within layouts/application (3.0ms)
Completed 200 OK in 17ms (Views: 17.0ms | ActiveRecord: 0.0ms)


Started GET "/home" for 127.0.0.1 at 2011-07-11 23:16:51 +0400
  Processing by SiteNavigationController#home as HTML
Rendered site_navigation/home.html.erb within layouts/application (3.0ms)
Completed 200 OK in 17ms (Views: 17.0ms | ActiveRecord: 0.0ms)


Started GET "/about" for 127.0.0.1 at 2011-07-11 23:16:52 +0400
  Processing by SiteNavigationController#about as HTML
Rendered site_navigation/about.html.erb within layouts/application (3.0ms)
Completed 200 OK in 17ms (Views: 17.0ms | ActiveRecord: 0.0ms)


Started GET "/home" for 127.0.0.1 at 2011-07-11 23:16:52 +0400
  Processing by SiteNavigationController#home as HTML
Rendered site_navigation/home.html.erb within layouts/application (2.0ms)
Completed 200 OK in 18ms (Views: 17.0ms | ActiveRecord: 0.0ms)


Started GET "/about" for 127.0.0.1 at 2011-07-11 23:48:26 +0400
  Processing by SiteNavigationController#about as HTML
Rendered site_navigation/about.html.erb within layouts/application (3.0ms)
Completed 200 OK in 18ms (Views: 18.0ms | ActiveRecord: 0.0ms)


Started GET "/home" for 127.0.0.1 at 2011-07-11 23:48:27 +0400
  Processing by SiteNavigationController#home as HTML
Rendered site_navigation/home.html.erb within layouts/application (2.0ms)
Completed 200 OK in 18ms (Views: 16.0ms | ActiveRecord: 0.0ms)


Started GET "/about" for 127.0.0.1 at 2011-07-11 23:48:28 +0400
  Processing by SiteNavigationController#about as HTML
Rendered site_navigation/about.html.erb within layouts/application (2.0ms)
Completed 200 OK in 18ms (Views: 17.0ms | ActiveRecord: 0.0ms)


Started GET "/home" for 127.0.0.1 at 2011-07-11 23:48:28 +0400
  Processing by SiteNavigationController#home as HTML
Rendered site_navigation/home.html.erb within layouts/application (3.0ms)
Completed 200 OK in 19ms (Views: 19.0ms | ActiveRecord: 0.0ms)


Started GET "/" for 127.0.0.1 at 2011-07-12 15:32:09 +0400

ArgumentError (missing :action):
  config/routes.rb:4:in `block in <top (required)>'
  config/routes.rb:1:in `<top (required)>'

Rendered C:/Ruby192/lib/ruby/gems/1.9.1/gems/actionpack-3.0.7/lib/action_dispatch/middleware/templates/rescues/_trace.erb (66.0ms)
Rendered C:/Ruby192/lib/ruby/gems/1.9.1/gems/actionpack-3.0.7/lib/action_dispatch/middleware/templates/rescues/_request_and_response.erb (73.0ms)
Rendered C:/Ruby192/lib/ruby/gems/1.9.1/gems/actionpack-3.0.7/lib/action_dispatch/middleware/templates/rescues/diagnostics.erb within rescues/layout (345.0ms)


Started GET "/" for 127.0.0.1 at 2011-07-12 15:33:50 +0400

ArgumentError (missing :action):
  config/routes.rb:4:in `block in <top (required)>'
  config/routes.rb:1:in `<top (required)>'

Rendered C:/Ruby192/lib/ruby/gems/1.9.1/gems/actionpack-3.0.7/lib/action_dispatch/middleware/templates/rescues/_trace.erb (55.0ms)
Rendered C:/Ruby192/lib/ruby/gems/1.9.1/gems/actionpack-3.0.7/lib/action_dispatch/middleware/templates/rescues/_request_and_response.erb (46.0ms)
Rendered C:/Ruby192/lib/ruby/gems/1.9.1/gems/actionpack-3.0.7/lib/action_dispatch/middleware/templates/rescues/diagnostics.erb within rescues/layout (194.0ms)


Started GET "/" for 127.0.0.1 at 2011-07-12 15:34:20 +0400
  Processing by SiteTopNavigationController#betting as HTML
Rendered site_top_navigation/betting.html.erb within layouts/application (3.0ms)
Completed 200 OK in 20ms (Views: 20.0ms | ActiveRecord: 0.0ms)


Started GET "/" for 127.0.0.1 at 2011-07-12 15:35:08 +0400
  Processing by SiteTopNavigationController#betting as HTML
Rendered site_top_navigation/betting.html.erb within layouts/application (3.0ms)
Completed 200 OK in 19ms (Views: 18.0ms | ActiveRecord: 0.0ms)


Started GET "/" for 127.0.0.1 at 2011-07-12 15:38:56 +0400
  Processing by SiteTopNavigationController#betting as HTML
Rendered site_top_navigation/betting.html.erb within layouts/application (8.0ms)
Completed 200 OK in 23ms (Views: 23.0ms | ActiveRecord: 0.0ms)


Started GET "/" for 127.0.0.1 at 2011-07-12 15:41:24 +0400
  Processing by SiteTopNavigationController#betting as HTML
Rendered site_top_navigation/betting.html.erb within layouts/application (2.0ms)
Completed 200 OK in 26ms (Views: 26.0ms | ActiveRecord: 0.0ms)


Started GET "/" for 127.0.0.1 at 2011-07-12 15:51:24 +0400
  Processing by SiteTopNavigationController#betting as HTML
Rendered site_top_navigation/betting.html.erb within layouts/application (4.0ms)
Completed 200 OK in 18ms (Views: 18.0ms | ActiveRecord: 0.0ms)


Started GET "/" for 127.0.0.1 at 2011-07-12 15:53:09 +0400
  Processing by SiteTopNavigationController#betting as HTML
Rendered site_top_navigation/betting.html.erb within layouts/application (3.0ms)
Completed 200 OK in 19ms (Views: 19.0ms | ActiveRecord: 0.0ms)


Started GET "/" for 127.0.0.1 at 2011-07-12 16:14:19 +0400
  Processing by SiteTopNavigationController#betting as HTML
Rendered site_top_navigation/betting.html.erb within layouts/application (2.0ms)
Completed 200 OK in 18ms (Views: 17.0ms | ActiveRecord: 0.0ms)


Started GET "/" for 127.0.0.1 at 2011-07-12 16:46:36 +0400

SyntaxError (C:/Sites/oddschecker/app/controllers/site_top_navigation_controller.rb:3: invalid multibyte char (US-ASCII)
C:/Sites/oddschecker/app/controllers/site_top_navigation_controller.rb:3: invalid multibyte char (US-ASCII)
C:/Sites/oddschecker/app/controllers/site_top_navigation_controller.rb:3: syntax error, unexpected $end, expecting keyword_end
    @title = "Ставки"
                ^):
  

Rendered C:/Ruby192/lib/ruby/gems/1.9.1/gems/actionpack-3.0.7/lib/action_dispatch/middleware/templates/rescues/_trace.erb (2.0ms)
Rendered C:/Ruby192/lib/ruby/gems/1.9.1/gems/actionpack-3.0.7/lib/action_dispatch/middleware/templates/rescues/_request_and_response.erb (31.0ms)
Rendered C:/Ruby192/lib/ruby/gems/1.9.1/gems/actionpack-3.0.7/lib/action_dispatch/middleware/templates/rescues/diagnostics.erb within rescues/layout (163.0ms)


Started GET "/" for 127.0.0.1 at 2011-07-12 16:51:05 +0400

SyntaxError (C:/Sites/oddschecker/app/controllers/site_top_navigation_controller.rb:4: invalid multibyte char (US-ASCII)
C:/Sites/oddschecker/app/controllers/site_top_navigation_controller.rb:4: invalid multibyte char (US-ASCII)
C:/Sites/oddschecker/app/controllers/site_top_navigation_controller.rb:4: syntax error, unexpected $end, expecting keyword_end
    @title = "Ставки"
                ^):
  

Rendered C:/Ruby192/lib/ruby/gems/1.9.1/gems/actionpack-3.0.7/lib/action_dispatch/middleware/templates/rescues/_trace.erb (17.0ms)
Rendered C:/Ruby192/lib/ruby/gems/1.9.1/gems/actionpack-3.0.7/lib/action_dispatch/middleware/templates/rescues/_request_and_response.erb (1.0ms)
Rendered C:/Ruby192/lib/ruby/gems/1.9.1/gems/actionpack-3.0.7/lib/action_dispatch/middleware/templates/rescues/diagnostics.erb within rescues/layout (29.0ms)


Started GET "/" for 127.0.0.1 at 2011-07-12 16:52:25 +0400
  Processing by SiteTopNavigationController#betting as HTML
Rendered site_top_navigation/betting.html.erb within layouts/application (3.0ms)
Completed 200 OK in 21ms (Views: 21.0ms | ActiveRecord: 0.0ms)


Started GET "/" for 127.0.0.1 at 2011-07-12 16:52:45 +0400

SyntaxError (C:/Sites/oddschecker/app/controllers/site_top_navigation_controller.rb:4: invalid multibyte char (US-ASCII)
C:/Sites/oddschecker/app/controllers/site_top_navigation_controller.rb:4: invalid multibyte char (US-ASCII)
C:/Sites/oddschecker/app/controllers/site_top_navigation_controller.rb:4: syntax error, unexpected $end, expecting keyword_end
    @title = "Ставки "
                ^):
  

Rendered C:/Ruby192/lib/ruby/gems/1.9.1/gems/actionpack-3.0.7/lib/action_dispatch/middleware/templates/rescues/_trace.erb (3.0ms)
Rendered C:/Ruby192/lib/ruby/gems/1.9.1/gems/actionpack-3.0.7/lib/action_dispatch/middleware/templates/rescues/_request_and_response.erb (2.0ms)
Rendered C:/Ruby192/lib/ruby/gems/1.9.1/gems/actionpack-3.0.7/lib/action_dispatch/middleware/templates/rescues/diagnostics.erb within rescues/layout (58.0ms)


Started GET "/" for 127.0.0.1 at 2011-07-12 16:53:13 +0400
  Processing by SiteTopNavigationController#betting as HTML
Rendered site_top_navigation/betting.html.erb within layouts/application (3.0ms)
Completed 200 OK in 21ms (Views: 20.0ms | ActiveRecord: 0.0ms)


Started GET "/" for 127.0.0.1 at 2011-07-12 16:53:31 +0400
  Processing by SiteTopNavigationController#betting as HTML
Rendered site_top_navigation/betting.html.erb within layouts/application (2.0ms)
Completed 200 OK in 18ms (Views: 17.0ms | ActiveRecord: 0.0ms)


Started GET "/" for 127.0.0.1 at 2011-07-12 18:21:34 +0400
  Processing by SiteTopNavigationController#betting as HTML
Rendered site_top_navigation/betting.html.erb within layouts/application (2.0ms)
Completed 200 OK in 17ms (Views: 17.0ms | ActiveRecord: 0.0ms)


Started GET "/" for 127.0.0.1 at 2011-07-12 18:22:40 +0400
  Processing by SiteTopNavigationController#betting as HTML
Rendered site_top_navigation/betting.html.erb within layouts/application (4.0ms)
Completed 200 OK in 23ms (Views: 23.0ms | ActiveRecord: 0.0ms)


Started GET "/free_bets" for 127.0.0.1 at 2011-07-12 18:22:46 +0400
  Processing by SiteTopNavigationController#free_bets as HTML
Rendered site_top_navigation/free_bets.html.erb within layouts/application (4.0ms)
Completed 200 OK in 34ms (Views: 34.0ms | ActiveRecord: 0.0ms)


Started GET "/free_bets" for 127.0.0.1 at 2011-07-12 18:23:10 +0400
  Processing by SiteTopNavigationController#free_bets as HTML
Rendered site_top_navigation/free_bets.html.erb within layouts/application (23.0ms)
Completed 200 OK in 40ms (Views: 39.0ms | ActiveRecord: 0.0ms)


Started GET "/free_bets" for 127.0.0.1 at 2011-07-12 18:24:21 +0400
  Processing by SiteTopNavigationController#free_bets as HTML
Rendered site_top_navigation/free_bets.html.erb within layouts/application (2.0ms)
Completed 200 OK in 16ms (Views: 16.0ms | ActiveRecord: 0.0ms)


Started GET "/free_bets" for 127.0.0.1 at 2011-07-12 18:24:22 +0400
  Processing by SiteTopNavigationController#free_bets as HTML
Rendered site_top_navigation/free_bets.html.erb within layouts/application (3.0ms)
Completed 200 OK in 19ms (Views: 19.0ms | ActiveRecord: 0.0ms)


Started GET "/free_bets" for 127.0.0.1 at 2011-07-12 18:25:44 +0400
  Processing by SiteTopNavigationController#free_bets as HTML
Rendered site_top_navigation/free_bets.html.erb within layouts/application (2.0ms)
Completed 200 OK in 17ms (Views: 17.0ms | ActiveRecord: 0.0ms)


Started GET "/" for 127.0.0.1 at 2011-07-12 18:25:47 +0400
  Processing by SiteTopNavigationController#betting as HTML
Rendered site_top_navigation/betting.html.erb within layouts/application (17.0ms)
Completed 200 OK in 33ms (Views: 33.0ms | ActiveRecord: 0.0ms)


Started GET "/" for 127.0.0.1 at 2011-07-12 18:26:33 +0400
  Processing by SiteTopNavigationController#betting as HTML
Rendered site_top_navigation/betting.html.erb within layouts/application (2.0ms)
Completed 200 OK in 17ms (Views: 17.0ms | ActiveRecord: 0.0ms)


Started GET "/" for 127.0.0.1 at 2011-07-12 18:28:25 +0400
  Processing by SiteTopNavigationController#betting as HTML
Rendered site_top_navigation/betting.html.erb within layouts/application (3.0ms)
Completed 200 OK in 21ms (Views: 20.0ms | ActiveRecord: 0.0ms)


Started GET "/" for 127.0.0.1 at 2011-07-12 18:29:00 +0400
  Processing by SiteTopNavigationController#betting as HTML
Rendered site_top_navigation/betting.html.erb within layouts/application (3.0ms)
Completed 200 OK in 20ms (Views: 19.0ms | ActiveRecord: 0.0ms)


Started GET "/betting" for 127.0.0.1 at 2011-07-12 18:29:12 +0400
  Processing by SiteTopNavigationController#betting as HTML
Rendered site_top_navigation/betting.html.erb within layouts/application (3.0ms)
Completed 200 OK in 18ms (Views: 18.0ms | ActiveRecord: 0.0ms)


Started GET "/" for 127.0.0.1 at 2011-07-12 18:33:08 +0400
  Processing by SiteTopNavigationController#betting as HTML
Rendered site_top_navigation/betting.html.erb within layouts/application (2.0ms)
Completed 200 OK in 22ms (Views: 22.0ms | ActiveRecord: 0.0ms)


Started GET "/" for 127.0.0.1 at 2011-07-12 18:33:12 +0400
  Processing by SiteTopNavigationController#betting as HTML
Rendered site_top_navigation/betting.html.erb within layouts/application (3.0ms)
Completed 200 OK in 104ms (Views: 103.0ms | ActiveRecord: 0.0ms)


Started GET "/betting" for 127.0.0.1 at 2011-07-12 18:33:18 +0400
  Processing by SiteTopNavigationController#betting as HTML
Rendered site_top_navigation/betting.html.erb within layouts/application (19.0ms)
Completed 200 OK in 34ms (Views: 34.0ms | ActiveRecord: 0.0ms)


Started GET "/" for 127.0.0.1 at 2011-07-12 18:33:57 +0400
  Processing by SiteTopNavigationController#betting as HTML
Rendered site_top_navigation/betting.html.erb within layouts/application (4.0ms)
Completed 200 OK in 21ms (Views: 20.0ms | ActiveRecord: 0.0ms)


Started GET "/betting" for 127.0.0.1 at 2011-07-12 18:34:04 +0400
  Processing by SiteTopNavigationController#betting as HTML
Rendered site_top_navigation/betting.html.erb within layouts/application (3.0ms)
Completed 200 OK in 18ms (Views: 17.0ms | ActiveRecord: 0.0ms)


Started GET "/" for 127.0.0.1 at 2011-07-12 18:49:08 +0400
  Processing by SiteTopNavigationController#betting as HTML
Rendered site_top_navigation/betting.html.erb within layouts/application (39.0ms)
Completed 200 OK in 61ms (Views: 60.0ms | ActiveRecord: 0.0ms)


Started GET "/" for 127.0.0.1 at 2011-07-12 19:01:45 +0400
  Processing by SiteTopNavigationController#betting as HTML
Rendered site_top_navigation/betting.html.erb within layouts/application (44.0ms)
Completed 200 OK in 61ms (Views: 60.0ms | ActiveRecord: 0.0ms)


Started GET "/free_bets" for 127.0.0.1 at 2011-07-12 19:01:49 +0400
  Processing by SiteTopNavigationController#free_bets as HTML
Rendered site_top_navigation/free_bets.html.erb within layouts/application (3.0ms)
Completed 200 OK in 20ms (Views: 19.0ms | ActiveRecord: 0.0ms)


Started GET "/in_game" for 127.0.0.1 at 2011-07-12 19:01:49 +0400

ActionController::RoutingError (No route matches "/in_game"):
  

Rendered C:/Ruby192/lib/ruby/gems/1.9.1/gems/actionpack-3.0.7/lib/action_dispatch/middleware/templates/rescues/routing_error.erb within rescues/layout (1.0ms)


Started GET "/tipping" for 127.0.0.1 at 2011-07-12 19:01:54 +0400
  Processing by SiteTopNavigationController#tipping as HTML
Rendered site_top_navigation/tipping.html.erb within layouts/application (34.0ms)
Completed 200 OK in 80ms (Views: 80.0ms | ActiveRecord: 0.0ms)


Started GET "/games" for 127.0.0.1 at 2011-07-12 19:01:56 +0400

ActionController::RoutingError (No route matches "/games"):
  

Rendered C:/Ruby192/lib/ruby/gems/1.9.1/gems/actionpack-3.0.7/lib/action_dispatch/middleware/templates/rescues/routing_error.erb within rescues/layout (1.0ms)


Started GET "/tipping" for 127.0.0.1 at 2011-07-12 19:01:58 +0400
  Processing by SiteTopNavigationController#tipping as HTML
Rendered site_top_navigation/tipping.html.erb within layouts/application (3.0ms)
Completed 200 OK in 41ms (Views: 41.0ms | ActiveRecord: 0.0ms)


Started GET "/news" for 127.0.0.1 at 2011-07-12 19:01:58 +0400
  Processing by SiteTopNavigationController#news as HTML
Rendered site_top_navigation/news.html.erb within layouts/application (3.0ms)
Completed 200 OK in 18ms (Views: 18.0ms | ActiveRecord: 0.0ms)


Started GET "/" for 127.0.0.1 at 2011-07-12 19:02:36 +0400
  Processing by SiteTopNavigationController#betting as HTML
Rendered site_top_navigation/betting.html.erb within layouts/application (3.0ms)
Completed 200 OK in 20ms (Views: 19.0ms | ActiveRecord: 0.0ms)


Started GET "/" for 127.0.0.1 at 2011-07-12 19:02:39 +0400
  Processing by SiteTopNavigationController#betting as HTML
Rendered site_top_navigation/betting.html.erb within layouts/application (5.0ms)
Completed 200 OK in 41ms (Views: 40.0ms | ActiveRecord: 0.0ms)


Started GET "/free_bets" for 127.0.0.1 at 2011-07-12 19:02:40 +0400
  Processing by SiteTopNavigationController#free_bets as HTML
Rendered site_top_navigation/free_bets.html.erb within layouts/application (3.0ms)
Completed 200 OK in 19ms (Views: 19.0ms | ActiveRecord: 0.0ms)


Started GET "/" for 127.0.0.1 at 2011-07-12 19:02:41 +0400
  Processing by SiteTopNavigationController#betting as HTML
Rendered site_top_navigation/betting.html.erb within layouts/application (3.0ms)
Completed 200 OK in 45ms (Views: 44.0ms | ActiveRecord: 0.0ms)


Started GET "/in_play" for 127.0.0.1 at 2011-07-12 19:02:43 +0400
  Processing by SiteTopNavigationController#in_play as HTML
Rendered site_top_navigation/in_play.html.erb within layouts/application (3.0ms)
Completed 200 OK in 18ms (Views: 18.0ms | ActiveRecord: 0.0ms)


Started GET "/tipping" for 127.0.0.1 at 2011-07-12 19:02:45 +0400
  Processing by SiteTopNavigationController#tipping as HTML
Rendered site_top_navigation/tipping.html.erb within layouts/application (3.0ms)
Completed 200 OK in 17ms (Views: 17.0ms | ActiveRecord: 0.0ms)


Started GET "/gaming" for 127.0.0.1 at 2011-07-12 19:02:45 +0400
  Processing by SiteTopNavigationController#gaming as HTML
Rendered site_top_navigation/gaming.html.erb within layouts/application (3.0ms)
Completed 200 OK in 18ms (Views: 17.0ms | ActiveRecord: 0.0ms)


Started GET "/news" for 127.0.0.1 at 2011-07-12 19:02:47 +0400
  Processing by SiteTopNavigationController#news as HTML
Rendered site_top_navigation/news.html.erb within layouts/application (4.0ms)
Completed 200 OK in 18ms (Views: 18.0ms | ActiveRecord: 0.0ms)


Started GET "/news" for 127.0.0.1 at 2011-07-12 19:08:10 +0400
  Processing by SiteTopNavigationController#news as HTML
Rendered site_top_navigation/news.html.erb within layouts/application (4.0ms)
Completed 200 OK in 18ms (Views: 18.0ms | ActiveRecord: 0.0ms)


Started GET "/news" for 127.0.0.1 at 2011-07-12 19:10:32 +0400
  Processing by SiteTopNavigationController#news as HTML
Rendered site_top_navigation/news.html.erb within layouts/application (3.0ms)
Completed 200 OK in 18ms (Views: 18.0ms | ActiveRecord: 0.0ms)


Started GET "/news" for 127.0.0.1 at 2011-07-12 19:10:57 +0400
  Processing by SiteTopNavigationController#news as HTML
Rendered site_top_navigation/news.html.erb within layouts/application (4.0ms)
Completed 200 OK in 19ms (Views: 19.0ms | ActiveRecord: 0.0ms)


Started GET "/news" for 127.0.0.1 at 2011-07-12 19:11:21 +0400
  Processing by SiteTopNavigationController#news as HTML
Rendered site_top_navigation/news.html.erb within layouts/application (3.0ms)
Completed 200 OK in 18ms (Views: 17.0ms | ActiveRecord: 0.0ms)


Started GET "/free_bets" for 127.0.0.1 at 2011-07-12 19:11:26 +0400
  Processing by SiteTopNavigationController#free_bets as HTML
Rendered site_top_navigation/free_bets.html.erb within layouts/application (3.0ms)
Completed 200 OK in 18ms (Views: 18.0ms | ActiveRecord: 0.0ms)


Started GET "/in_play" for 127.0.0.1 at 2011-07-12 19:11:27 +0400
  Processing by SiteTopNavigationController#in_play as HTML
Rendered site_top_navigation/in_play.html.erb within layouts/application (4.0ms)
Completed 200 OK in 55ms (Views: 54.0ms | ActiveRecord: 0.0ms)


Started GET "/tipping" for 127.0.0.1 at 2011-07-12 19:11:28 +0400
  Processing by SiteTopNavigationController#tipping as HTML
Rendered site_top_navigation/tipping.html.erb within layouts/application (4.0ms)
Completed 200 OK in 18ms (Views: 18.0ms | ActiveRecord: 0.0ms)


Started GET "/gaming" for 127.0.0.1 at 2011-07-12 19:11:28 +0400
  Processing by SiteTopNavigationController#gaming as HTML
Rendered site_top_navigation/gaming.html.erb within layouts/application (3.0ms)
Completed 200 OK in 21ms (Views: 21.0ms | ActiveRecord: 0.0ms)


Started GET "/news" for 127.0.0.1 at 2011-07-12 19:11:29 +0400
  Processing by SiteTopNavigationController#news as HTML
Rendered site_top_navigation/news.html.erb within layouts/application (3.0ms)
Completed 200 OK in 18ms (Views: 18.0ms | ActiveRecord: 0.0ms)


Started GET "/" for 127.0.0.1 at 2011-07-12 19:11:31 +0400
  Processing by SiteTopNavigationController#betting as HTML
Rendered site_top_navigation/betting.html.erb within layouts/application (12.0ms)
Completed 200 OK in 104ms (Views: 103.0ms | ActiveRecord: 0.0ms)


Started GET "/free_bets" for 127.0.0.1 at 2011-07-12 19:11:32 +0400
  Processing by SiteTopNavigationController#free_bets as HTML
Rendered site_top_navigation/free_bets.html.erb within layouts/application (4.0ms)
Completed 200 OK in 19ms (Views: 18.0ms | ActiveRecord: 0.0ms)


Started GET "/in_play" for 127.0.0.1 at 2011-07-12 19:11:33 +0400
  Processing by SiteTopNavigationController#in_play as HTML
Rendered site_top_navigation/in_play.html.erb within layouts/application (3.0ms)
Completed 200 OK in 19ms (Views: 19.0ms | ActiveRecord: 0.0ms)


Started GET "/tipping" for 127.0.0.1 at 2011-07-12 19:11:33 +0400
  Processing by SiteTopNavigationController#tipping as HTML
Rendered site_top_navigation/tipping.html.erb within layouts/application (4.0ms)
Completed 200 OK in 20ms (Views: 20.0ms | ActiveRecord: 0.0ms)


Started GET "/news" for 127.0.0.1 at 2011-07-12 19:11:34 +0400
  Processing by SiteTopNavigationController#news as HTML
Rendered site_top_navigation/news.html.erb within layouts/application (3.0ms)
Completed 200 OK in 19ms (Views: 18.0ms | ActiveRecord: 0.0ms)


Started GET "/news" for 127.0.0.1 at 2011-07-12 19:15:33 +0400
  Processing by SiteTopNavigationController#news as HTML
Rendered site_top_navigation/news.html.erb within layouts/application (4.0ms)
Completed 200 OK in 21ms (Views: 21.0ms | ActiveRecord: 0.0ms)


Started GET "/news" for 127.0.0.1 at 2011-07-12 19:16:03 +0400
  Processing by SiteTopNavigationController#news as HTML
Rendered site_top_navigation/news.html.erb within layouts/application (4.0ms)
Completed 200 OK in 19ms (Views: 19.0ms | ActiveRecord: 0.0ms)


Started GET "/" for 127.0.0.1 at 2011-07-12 19:16:06 +0400
  Processing by SiteTopNavigationController#betting as HTML
Rendered site_top_navigation/betting.html.erb within layouts/application (3.0ms)
Completed 200 OK in 19ms (Views: 19.0ms | ActiveRecord: 0.0ms)


Started GET "/" for 127.0.0.1 at 2011-07-12 19:16:46 +0400
  Processing by SiteTopNavigationController#betting as HTML
Rendered site_top_navigation/betting.html.erb within layouts/application (3.0ms)
Completed 200 OK in 18ms (Views: 18.0ms | ActiveRecord: 0.0ms)


Started GET "/" for 127.0.0.1 at 2011-07-12 19:16:48 +0400
  Processing by SiteTopNavigationController#betting as HTML
Rendered site_top_navigation/betting.html.erb within layouts/application (4.0ms)
Completed 200 OK in 21ms (Views: 21.0ms | ActiveRecord: 0.0ms)


Started GET "/" for 127.0.0.1 at 2011-07-12 19:17:43 +0400
  Processing by SiteTopNavigationController#betting as HTML
Rendered site_top_navigation/betting.html.erb within layouts/application (4.0ms)
Completed 200 OK in 19ms (Views: 19.0ms | ActiveRecord: 0.0ms)


Started GET "/" for 127.0.0.1 at 2011-07-12 19:17:45 +0400
  Processing by SiteTopNavigationController#betting as HTML
Rendered site_top_navigation/betting.html.erb within layouts/application (5.0ms)
Completed 200 OK in 23ms (Views: 23.0ms | ActiveRecord: 0.0ms)


Started GET "/" for 127.0.0.1 at 2011-07-12 19:18:53 +0400
  Processing by SiteTopNavigationController#betting as HTML
Rendered site_top_navigation/betting.html.erb within layouts/application (4.0ms)
Completed 200 OK in 22ms (Views: 22.0ms | ActiveRecord: 0.0ms)


Started GET "/" for 127.0.0.1 at 2011-07-12 19:19:29 +0400
  Processing by SiteTopNavigationController#betting as HTML
Rendered site_top_navigation/betting.html.erb within layouts/application (4.0ms)
Completed 200 OK in 18ms (Views: 18.0ms | ActiveRecord: 0.0ms)


Started GET "/" for 127.0.0.1 at 2011-07-12 19:22:12 +0400
  Processing by SiteTopNavigationController#betting as HTML
Rendered site_top_navigation/betting.html.erb within layouts/application (3.0ms)
Completed 200 OK in 18ms (Views: 18.0ms | ActiveRecord: 0.0ms)


Started GET "/" for 127.0.0.1 at 2011-07-12 19:22:15 +0400
  Processing by SiteTopNavigationController#betting as HTML
Rendered site_top_navigation/betting.html.erb within layouts/application (4.0ms)
Completed 200 OK in 42ms (Views: 41.0ms | ActiveRecord: 0.0ms)


Started GET "/in_play" for 127.0.0.1 at 2011-07-12 19:22:16 +0400
  Processing by SiteTopNavigationController#in_play as HTML
Rendered site_top_navigation/in_play.html.erb within layouts/application (4.0ms)
Completed 200 OK in 20ms (Views: 20.0ms | ActiveRecord: 0.0ms)


Started GET "/tipping" for 127.0.0.1 at 2011-07-12 19:22:16 +0400
  Processing by SiteTopNavigationController#tipping as HTML
Rendered site_top_navigation/tipping.html.erb within layouts/application (5.0ms)
Completed 200 OK in 44ms (Views: 44.0ms | ActiveRecord: 0.0ms)


Started GET "/news" for 127.0.0.1 at 2011-07-12 19:22:17 +0400
  Processing by SiteTopNavigationController#news as HTML
Rendered site_top_navigation/news.html.erb within layouts/application (3.0ms)
Completed 200 OK in 21ms (Views: 20.0ms | ActiveRecord: 0.0ms)


Started GET "/news" for 127.0.0.1 at 2011-07-12 19:24:39 +0400
  Processing by SiteTopNavigationController#news as HTML
Rendered site_top_navigation/news.html.erb within layouts/application (4.0ms)
Completed 200 OK in 19ms (Views: 18.0ms | ActiveRecord: 0.0ms)


Started GET "/" for 127.0.0.1 at 2011-07-12 19:24:41 +0400
  Processing by SiteTopNavigationController#betting as HTML
Rendered site_top_navigation/betting.html.erb within layouts/application (5.0ms)
Completed 200 OK in 24ms (Views: 24.0ms | ActiveRecord: 0.0ms)


Started GET "/free_bets" for 127.0.0.1 at 2011-07-12 19:24:42 +0400
  Processing by SiteTopNavigationController#free_bets as HTML
Rendered site_top_navigation/free_bets.html.erb within layouts/application (3.0ms)
Completed 200 OK in 27ms (Views: 27.0ms | ActiveRecord: 0.0ms)


Started GET "/in_play" for 127.0.0.1 at 2011-07-12 19:24:43 +0400
  Processing by SiteTopNavigationController#in_play as HTML
Rendered site_top_navigation/in_play.html.erb within layouts/application (5.0ms)
Completed 200 OK in 24ms (Views: 24.0ms | ActiveRecord: 0.0ms)


Started GET "/" for 127.0.0.1 at 2011-07-12 19:24:44 +0400
  Processing by SiteTopNavigationController#betting as HTML
Rendered site_top_navigation/betting.html.erb within layouts/application (4.0ms)
Completed 200 OK in 25ms (Views: 25.0ms | ActiveRecord: 0.0ms)


Started GET "/free_bets" for 127.0.0.1 at 2011-07-12 19:24:58 +0400
  Processing by SiteTopNavigationController#free_bets as HTML
Rendered site_top_navigation/free_bets.html.erb within layouts/application (3.0ms)
Completed 200 OK in 20ms (Views: 20.0ms | ActiveRecord: 0.0ms)


Started GET "/in_play" for 127.0.0.1 at 2011-07-12 19:24:58 +0400
  Processing by SiteTopNavigationController#in_play as HTML
Rendered site_top_navigation/in_play.html.erb within layouts/application (3.0ms)
Completed 200 OK in 20ms (Views: 20.0ms | ActiveRecord: 0.0ms)


Started GET "/tipping" for 127.0.0.1 at 2011-07-12 19:24:59 +0400
  Processing by SiteTopNavigationController#tipping as HTML
Rendered site_top_navigation/tipping.html.erb within layouts/application (6.0ms)
Completed 200 OK in 22ms (Views: 21.0ms | ActiveRecord: 0.0ms)


Started GET "/gaming" for 127.0.0.1 at 2011-07-12 19:25:00 +0400
  Processing by SiteTopNavigationController#gaming as HTML
Rendered site_top_navigation/gaming.html.erb within layouts/application (3.0ms)
Completed 200 OK in 19ms (Views: 19.0ms | ActiveRecord: 0.0ms)


Started GET "/news" for 127.0.0.1 at 2011-07-12 19:25:01 +0400
  Processing by SiteTopNavigationController#news as HTML
Rendered site_top_navigation/news.html.erb within layouts/application (3.0ms)
Completed 200 OK in 19ms (Views: 19.0ms | ActiveRecord: 0.0ms)


Started GET "/free_bets" for 127.0.0.1 at 2011-07-12 19:26:27 +0400
  Processing by SiteTopNavigationController#free_bets as HTML
Rendered site_top_navigation/free_bets.html.erb within layouts/application (3.0ms)
Completed 200 OK in 19ms (Views: 18.0ms | ActiveRecord: 0.0ms)


Started GET "/in_play" for 127.0.0.1 at 2011-07-12 19:26:27 +0400
  Processing by SiteTopNavigationController#in_play as HTML
Rendered site_top_navigation/in_play.html.erb within layouts/application (4.0ms)
Completed 200 OK in 18ms (Views: 18.0ms | ActiveRecord: 0.0ms)


Started GET "/gaming" for 127.0.0.1 at 2011-07-12 19:26:28 +0400
  Processing by SiteTopNavigationController#gaming as HTML
Rendered site_top_navigation/gaming.html.erb within layouts/application (4.0ms)
Completed 200 OK in 21ms (Views: 21.0ms | ActiveRecord: 0.0ms)


Started GET "/news" for 127.0.0.1 at 2011-07-12 19:26:28 +0400
  Processing by SiteTopNavigationController#news as HTML
Rendered site_top_navigation/news.html.erb within layouts/application (3.0ms)
Completed 200 OK in 18ms (Views: 18.0ms | ActiveRecord: 0.0ms)


Started GET "/news" for 127.0.0.1 at 2011-07-12 19:26:31 +0400
  Processing by SiteTopNavigationController#news as HTML
Rendered site_top_navigation/news.html.erb within layouts/application (3.0ms)
Completed 200 OK in 19ms (Views: 19.0ms | ActiveRecord: 0.0ms)


Started GET "/gaming" for 127.0.0.1 at 2011-07-12 19:26:31 +0400
  Processing by SiteTopNavigationController#gaming as HTML
Rendered site_top_navigation/gaming.html.erb within layouts/application (3.0ms)
Completed 200 OK in 19ms (Views: 19.0ms | ActiveRecord: 0.0ms)


Started GET "/" for 127.0.0.1 at 2011-07-12 19:26:32 +0400
  Processing by SiteTopNavigationController#betting as HTML
Rendered site_top_navigation/betting.html.erb within layouts/application (4.0ms)
Completed 200 OK in 20ms (Views: 19.0ms | ActiveRecord: 0.0ms)


Started GET "/free_bets" for 127.0.0.1 at 2011-07-12 19:26:33 +0400
  Processing by SiteTopNavigationController#free_bets as HTML
Rendered site_top_navigation/free_bets.html.erb within layouts/application (4.0ms)
Completed 200 OK in 20ms (Views: 19.0ms | ActiveRecord: 0.0ms)


Started GET "/free_bets" for 127.0.0.1 at 2011-07-12 19:26:33 +0400
  Processing by SiteTopNavigationController#free_bets as HTML
Rendered site_top_navigation/free_bets.html.erb within layouts/application (4.0ms)
Completed 200 OK in 18ms (Views: 18.0ms | ActiveRecord: 0.0ms)


Started GET "/free_bets" for 127.0.0.1 at 2011-07-12 19:26:35 +0400
  Processing by SiteTopNavigationController#free_bets as HTML
Rendered site_top_navigation/free_bets.html.erb within layouts/application (3.0ms)
Completed 200 OK in 18ms (Views: 18.0ms | ActiveRecord: 0.0ms)


Started GET "/in_play" for 127.0.0.1 at 2011-07-12 19:26:35 +0400
  Processing by SiteTopNavigationController#in_play as HTML
Rendered site_top_navigation/in_play.html.erb within layouts/application (4.0ms)
Completed 200 OK in 20ms (Views: 20.0ms | ActiveRecord: 0.0ms)


Started GET "/" for 127.0.0.1 at 2011-07-12 19:26:36 +0400
  Processing by SiteTopNavigationController#betting as HTML
Rendered site_top_navigation/betting.html.erb within layouts/application (4.0ms)
Completed 200 OK in 19ms (Views: 19.0ms | ActiveRecord: 0.0ms)


Started GET "/free_bets" for 127.0.0.1 at 2011-07-12 19:26:38 +0400
  Processing by SiteTopNavigationController#free_bets as HTML
Rendered site_top_navigation/free_bets.html.erb within layouts/application (6.0ms)
Completed 200 OK in 22ms (Views: 22.0ms | ActiveRecord: 0.0ms)


Started GET "/in_play" for 127.0.0.1 at 2011-07-12 19:26:38 +0400
  Processing by SiteTopNavigationController#in_play as HTML
Rendered site_top_navigation/in_play.html.erb within layouts/application (4.0ms)
Completed 200 OK in 19ms (Views: 19.0ms | ActiveRecord: 0.0ms)


Started GET "/tipping" for 127.0.0.1 at 2011-07-12 19:26:39 +0400
  Processing by SiteTopNavigationController#tipping as HTML
Rendered site_top_navigation/tipping.html.erb within layouts/application (4.0ms)
Completed 200 OK in 18ms (Views: 18.0ms | ActiveRecord: 0.0ms)


Started GET "/gaming" for 127.0.0.1 at 2011-07-12 19:26:40 +0400
  Processing by SiteTopNavigationController#gaming as HTML
Rendered site_top_navigation/gaming.html.erb within layouts/application (4.0ms)
Completed 200 OK in 20ms (Views: 19.0ms | ActiveRecord: 0.0ms)


Started GET "/news" for 127.0.0.1 at 2011-07-12 19:26:41 +0400
  Processing by SiteTopNavigationController#news as HTML
Rendered site_top_navigation/news.html.erb within layouts/application (5.0ms)
Completed 200 OK in 22ms (Views: 21.0ms | ActiveRecord: 0.0ms)


Started GET "/" for 127.0.0.1 at 2011-07-12 19:26:42 +0400
  Processing by SiteTopNavigationController#betting as HTML
Rendered site_top_navigation/betting.html.erb within layouts/application (4.0ms)
Completed 200 OK in 20ms (Views: 19.0ms | ActiveRecord: 0.0ms)


Started GET "/free_bets" for 127.0.0.1 at 2011-07-12 19:26:43 +0400
  Processing by SiteTopNavigationController#free_bets as HTML
Rendered site_top_navigation/free_bets.html.erb within layouts/application (55.0ms)
Completed 200 OK in 71ms (Views: 71.0ms | ActiveRecord: 0.0ms)


Started GET "/free_bets" for 127.0.0.1 at 2011-07-12 19:26:43 +0400
  Processing by SiteTopNavigationController#free_bets as HTML
Rendered site_top_navigation/free_bets.html.erb within layouts/application (3.0ms)
Completed 200 OK in 23ms (Views: 23.0ms | ActiveRecord: 0.0ms)


Started GET "/tipping" for 127.0.0.1 at 2011-07-12 19:26:43 +0400
  Processing by SiteTopNavigationController#tipping as HTML
Rendered site_top_navigation/tipping.html.erb within layouts/application (3.0ms)
Completed 200 OK in 20ms (Views: 19.0ms | ActiveRecord: 0.0ms)


Started GET "/news" for 127.0.0.1 at 2011-07-12 19:26:44 +0400
  Processing by SiteTopNavigationController#news as HTML
Rendered site_top_navigation/news.html.erb within layouts/application (3.0ms)
Completed 200 OK in 18ms (Views: 18.0ms | ActiveRecord: 0.0ms)


Started GET "/" for 127.0.0.1 at 2011-07-12 19:26:45 +0400
  Processing by SiteTopNavigationController#betting as HTML
Rendered site_top_navigation/betting.html.erb within layouts/application (4.0ms)
Completed 200 OK in 18ms (Views: 18.0ms | ActiveRecord: 0.0ms)


Started GET "/free_bets" for 127.0.0.1 at 2011-07-12 19:28:09 +0400
  Processing by SiteTopNavigationController#free_bets as HTML
Rendered site_top_navigation/free_bets.html.erb within layouts/application (3.0ms)
Completed 200 OK in 18ms (Views: 17.0ms | ActiveRecord: 0.0ms)


Started GET "/tipping" for 127.0.0.1 at 2011-07-12 19:28:10 +0400
  Processing by SiteTopNavigationController#tipping as HTML
Rendered site_top_navigation/tipping.html.erb within layouts/application (4.0ms)
Completed 200 OK in 20ms (Views: 19.0ms | ActiveRecord: 0.0ms)


Started GET "/news" for 127.0.0.1 at 2011-07-12 19:28:11 +0400
  Processing by SiteTopNavigationController#news as HTML
Rendered site_top_navigation/news.html.erb within layouts/application (4.0ms)
Completed 200 OK in 56ms (Views: 56.0ms | ActiveRecord: 0.0ms)


Started GET "/" for 127.0.0.1 at 2011-07-12 19:28:12 +0400
  Processing by SiteTopNavigationController#betting as HTML
Rendered site_top_navigation/betting.html.erb within layouts/application (4.0ms)
Completed 200 OK in 19ms (Views: 19.0ms | ActiveRecord: 0.0ms)


Started GET "/free_bets" for 127.0.0.1 at 2011-07-12 19:28:13 +0400
  Processing by SiteTopNavigationController#free_bets as HTML
Rendered site_top_navigation/free_bets.html.erb within layouts/application (5.0ms)
Completed 200 OK in 20ms (Views: 19.0ms | ActiveRecord: 0.0ms)


Started GET "/in_play" for 127.0.0.1 at 2011-07-12 19:28:14 +0400
  Processing by SiteTopNavigationController#in_play as HTML
Rendered site_top_navigation/in_play.html.erb within layouts/application (4.0ms)
Completed 200 OK in 18ms (Views: 18.0ms | ActiveRecord: 0.0ms)


Started GET "/tipping" for 127.0.0.1 at 2011-07-12 19:28:14 +0400
  Processing by SiteTopNavigationController#tipping as HTML
Rendered site_top_navigation/tipping.html.erb within layouts/application (4.0ms)
Completed 200 OK in 19ms (Views: 18.0ms | ActiveRecord: 0.0ms)


Started GET "/gaming" for 127.0.0.1 at 2011-07-12 19:28:15 +0400
  Processing by SiteTopNavigationController#gaming as HTML
Rendered site_top_navigation/gaming.html.erb within layouts/application (4.0ms)
Completed 200 OK in 19ms (Views: 18.0ms | ActiveRecord: 0.0ms)


Started GET "/news" for 127.0.0.1 at 2011-07-12 19:28:16 +0400
  Processing by SiteTopNavigationController#news as HTML
Rendered site_top_navigation/news.html.erb within layouts/application (4.0ms)
Completed 200 OK in 20ms (Views: 19.0ms | ActiveRecord: 0.0ms)


Started GET "/free_bets" for 127.0.0.1 at 2011-07-12 19:35:02 +0400
  Processing by SiteTopNavigationController#free_bets as HTML
Rendered site_top_navigation/free_bets.html.erb within layouts/application (4.0ms)
Completed 200 OK in 19ms (Views: 19.0ms | ActiveRecord: 0.0ms)


Started GET "/in_play" for 127.0.0.1 at 2011-07-12 19:35:03 +0400
  Processing by SiteTopNavigationController#in_play as HTML
Rendered site_top_navigation/in_play.html.erb within layouts/application (5.0ms)
Completed 200 OK in 20ms (Views: 20.0ms | ActiveRecord: 0.0ms)


Started GET "/tipping" for 127.0.0.1 at 2011-07-12 19:35:04 +0400
  Processing by SiteTopNavigationController#tipping as HTML
Rendered site_top_navigation/tipping.html.erb within layouts/application (3.0ms)
Completed 200 OK in 18ms (Views: 18.0ms | ActiveRecord: 0.0ms)


Started GET "/gaming" for 127.0.0.1 at 2011-07-12 19:35:04 +0400
  Processing by SiteTopNavigationController#gaming as HTML
Rendered site_top_navigation/gaming.html.erb within layouts/application (4.0ms)
Completed 200 OK in 21ms (Views: 20.0ms | ActiveRecord: 0.0ms)


Started GET "/news" for 127.0.0.1 at 2011-07-12 19:35:05 +0400
  Processing by SiteTopNavigationController#news as HTML
Rendered site_top_navigation/news.html.erb within layouts/application (4.0ms)
Completed 200 OK in 19ms (Views: 18.0ms | ActiveRecord: 0.0ms)
