

Started GET "/" for 127.0.0.1 at 2011-07-14 16:26:28 +0400
  Processing by SiteTopNavigationController#betting as HTML
Rendered site_top_navigation/betting.html.erb within layouts/application (5.0ms)
Completed 200 OK in 22ms (Views: 21.0ms | ActiveRecord: 0.0ms)


Started GET "/" for 127.0.0.1 at 2011-07-14 16:26:30 +0400
  Processing by SiteTopNavigationController#betting as HTML
Rendered site_top_navigation/betting.html.erb within layouts/application (4.0ms)
Completed 200 OK in 4ms (Views: 4.0ms | ActiveRecord: 0.0ms)


Started GET "/stylesheets/grid.css?1310635549" for 127.0.0.1 at 2011-07-14 16:26:30 +0400

ActionController::RoutingError (No route matches "/stylesheets/grid.css"):
  

Rendered C:/Ruby192/lib/ruby/gems/1.9.1/gems/actionpack-3.0.7/lib/action_dispatch/middleware/templates/rescues/routing_error.erb within rescues/layout (1.0ms)


Started GET "/stylesheets/reset.css?1310635549" for 127.0.0.1 at 2011-07-14 16:26:30 +0400

ActionController::RoutingError (No route matches "/stylesheets/reset.css"):
  

Rendered C:/Ruby192/lib/ruby/gems/1.9.1/gems/actionpack-3.0.7/lib/action_dispatch/middleware/templates/rescues/routing_error.erb within rescues/layout (1.0ms)


Started GET "/stylesheets/style.css?1310635549" for 127.0.0.1 at 2011-07-14 16:26:30 +0400

ActionController::RoutingError (No route matches "/stylesheets/style.css"):
  

Rendered C:/Ruby192/lib/ruby/gems/1.9.1/gems/actionpack-3.0.7/lib/action_dispatch/middleware/templates/rescues/routing_error.erb within rescues/layout (1.0ms)


Started GET "/javascripts/effects.js?1310635549" for 127.0.0.1 at 2011-07-14 16:26:30 +0400

ActionController::RoutingError (No route matches "/javascripts/effects.js"):
  

Rendered C:/Ruby192/lib/ruby/gems/1.9.1/gems/actionpack-3.0.7/lib/action_dispatch/middleware/templates/rescues/routing_error.erb within rescues/layout (1.0ms)


Started GET "/javascripts/prototype.js?1310635549" for 127.0.0.1 at 2011-07-14 16:26:30 +0400

ActionController::RoutingError (No route matches "/javascripts/prototype.js"):
  

Rendered C:/Ruby192/lib/ruby/gems/1.9.1/gems/actionpack-3.0.7/lib/action_dispatch/middleware/templates/rescues/routing_error.erb within rescues/layout (1.0ms)


Started GET "/javascripts/dragdrop.js?1310635549" for 127.0.0.1 at 2011-07-14 16:26:31 +0400

ActionController::RoutingError (No route matches "/javascripts/dragdrop.js"):
  

Rendered C:/Ruby192/lib/ruby/gems/1.9.1/gems/actionpack-3.0.7/lib/action_dispatch/middleware/templates/rescues/routing_error.erb within rescues/layout (2.0ms)


Started GET "/javascripts/rails.js?1310635549" for 127.0.0.1 at 2011-07-14 16:26:31 +0400

ActionController::RoutingError (No route matches "/javascripts/rails.js"):
  

Rendered C:/Ruby192/lib/ruby/gems/1.9.1/gems/actionpack-3.0.7/lib/action_dispatch/middleware/templates/rescues/routing_error.erb within rescues/layout (1.0ms)


Started GET "/javascripts/controls.js?1310635549" for 127.0.0.1 at 2011-07-14 16:26:31 +0400

ActionController::RoutingError (No route matches "/javascripts/controls.js"):
  

Rendered C:/Ruby192/lib/ruby/gems/1.9.1/gems/actionpack-3.0.7/lib/action_dispatch/middleware/templates/rescues/routing_error.erb within rescues/layout (1.0ms)


Started GET "/javascripts/application.js?1310635549" for 127.0.0.1 at 2011-07-14 16:26:31 +0400

ActionController::RoutingError (No route matches "/javascripts/application.js"):
  

Rendered C:/Ruby192/lib/ruby/gems/1.9.1/gems/actionpack-3.0.7/lib/action_dispatch/middleware/templates/rescues/routing_error.erb within rescues/layout (1.0ms)


Started GET "/" for 127.0.0.1 at 2011-07-14 16:26:49 +0400
  Processing by SiteTopNavigationController#betting as HTML
Rendered site_top_navigation/betting.html.erb within layouts/application (5.0ms)
Completed 200 OK in 7ms (Views: 7.0ms | ActiveRecord: 0.0ms)


Started GET "/javascripts/effects.js?1310635549" for 127.0.0.1 at 2011-07-14 16:26:49 +0400

ActionController::RoutingError (No route matches "/javascripts/effects.js"):
  

Rendered C:/Ruby192/lib/ruby/gems/1.9.1/gems/actionpack-3.0.7/lib/action_dispatch/middleware/templates/rescues/routing_error.erb within rescues/layout (2.0ms)


Started GET "/stylesheets/style.css?1310635549" for 127.0.0.1 at 2011-07-14 16:26:49 +0400

ActionController::RoutingError (No route matches "/stylesheets/style.css"):
  

Rendered C:/Ruby192/lib/ruby/gems/1.9.1/gems/actionpack-3.0.7/lib/action_dispatch/middleware/templates/rescues/routing_error.erb within rescues/layout (2.0ms)


Started GET "/stylesheets/reset.css?1310635549" for 127.0.0.1 at 2011-07-14 16:26:49 +0400

ActionController::RoutingError (No route matches "/stylesheets/reset.css"):
  

Rendered C:/Ruby192/lib/ruby/gems/1.9.1/gems/actionpack-3.0.7/lib/action_dispatch/middleware/templates/rescues/routing_error.erb within rescues/layout (1.0ms)


Started GET "/javascripts/dragdrop.js?1310635549" for 127.0.0.1 at 2011-07-14 16:26:49 +0400

ActionController::RoutingError (No route matches "/javascripts/dragdrop.js"):
  

Rendered C:/Ruby192/lib/ruby/gems/1.9.1/gems/actionpack-3.0.7/lib/action_dispatch/middleware/templates/rescues/routing_error.erb within rescues/layout (1.0ms)


Started GET "/javascripts/prototype.js?1310635549" for 127.0.0.1 at 2011-07-14 16:26:49 +0400

ActionController::RoutingError (No route matches "/javascripts/prototype.js"):
  

Rendered C:/Ruby192/lib/ruby/gems/1.9.1/gems/actionpack-3.0.7/lib/action_dispatch/middleware/templates/rescues/routing_error.erb within rescues/layout (1.0ms)


Started GET "/" for 127.0.0.1 at 2011-07-14 16:32:32 +0400
  Processing by SiteTopNavigationController#betting as HTML
Rendered site_top_navigation/betting.html.erb within layouts/application (24.0ms)
Completed 200 OK in 83ms (Views: 82.0ms | ActiveRecord: 0.0ms)


Started GET "/stylesheets/grid.css?1310635549" for 127.0.0.1 at 2011-07-14 16:32:35 +0400

ActionController::RoutingError (No route matches "/stylesheets/grid.css"):
  

Rendered C:/Ruby192/lib/ruby/gems/1.9.1/gems/actionpack-3.0.7/lib/action_dispatch/middleware/templates/rescues/routing_error.erb within rescues/layout (1.0ms)


Started GET "/javascripts/prototype.js?1310635549" for 127.0.0.1 at 2011-07-14 16:32:35 +0400

ActionController::RoutingError (No route matches "/javascripts/prototype.js"):
  

Rendered C:/Ruby192/lib/ruby/gems/1.9.1/gems/actionpack-3.0.7/lib/action_dispatch/middleware/templates/rescues/routing_error.erb within rescues/layout (1.0ms)


Started GET "/stylesheets/reset.css?1310635549" for 127.0.0.1 at 2011-07-14 16:32:35 +0400

ActionController::RoutingError (No route matches "/stylesheets/reset.css"):
  

Rendered C:/Ruby192/lib/ruby/gems/1.9.1/gems/actionpack-3.0.7/lib/action_dispatch/middleware/templates/rescues/routing_error.erb within rescues/layout (1.0ms)


Started GET "/stylesheets/style.css?1310635549" for 127.0.0.1 at 2011-07-14 16:32:35 +0400

ActionController::RoutingError (No route matches "/stylesheets/style.css"):
  

Rendered C:/Ruby192/lib/ruby/gems/1.9.1/gems/actionpack-3.0.7/lib/action_dispatch/middleware/templates/rescues/routing_error.erb within rescues/layout (1.0ms)


Started GET "/javascripts/effects.js?1310635549" for 127.0.0.1 at 2011-07-14 16:32:35 +0400

ActionController::RoutingError (No route matches "/javascripts/effects.js"):
  

Rendered C:/Ruby192/lib/ruby/gems/1.9.1/gems/actionpack-3.0.7/lib/action_dispatch/middleware/templates/rescues/routing_error.erb within rescues/layout (1.0ms)


Started GET "/javascripts/dragdrop.js?1310635549" for 127.0.0.1 at 2011-07-14 16:32:35 +0400

ActionController::RoutingError (No route matches "/javascripts/dragdrop.js"):
  

Rendered C:/Ruby192/lib/ruby/gems/1.9.1/gems/actionpack-3.0.7/lib/action_dispatch/middleware/templates/rescues/routing_error.erb within rescues/layout (2.0ms)


Started GET "/javascripts/controls.js?1310635549" for 127.0.0.1 at 2011-07-14 16:32:35 +0400

ActionController::RoutingError (No route matches "/javascripts/controls.js"):
  

Rendered C:/Ruby192/lib/ruby/gems/1.9.1/gems/actionpack-3.0.7/lib/action_dispatch/middleware/templates/rescues/routing_error.erb within rescues/layout (2.0ms)


Started GET "/javascripts/rails.js?1310635549" for 127.0.0.1 at 2011-07-14 16:32:35 +0400

ActionController::RoutingError (No route matches "/javascripts/rails.js"):
  

Rendered C:/Ruby192/lib/ruby/gems/1.9.1/gems/actionpack-3.0.7/lib/action_dispatch/middleware/templates/rescues/routing_error.erb within rescues/layout (1.0ms)


Started GET "/javascripts/application.js?1310635549" for 127.0.0.1 at 2011-07-14 16:32:35 +0400

ActionController::RoutingError (No route matches "/javascripts/application.js"):
  

Rendered C:/Ruby192/lib/ruby/gems/1.9.1/gems/actionpack-3.0.7/lib/action_dispatch/middleware/templates/rescues/routing_error.erb within rescues/layout (1.0ms)


Started GET "/users/new" for 127.0.0.1 at 2011-07-14 16:32:42 +0400
  Processing by UsersController#new as HTML
Completed   in 23ms

ActiveRecord::StatementInvalid (Could not find table 'users'):
  app/controllers/users_controller.rb:5:in `new'
  app/controllers/users_controller.rb:5:in `new'

Rendered C:/Ruby192/lib/ruby/gems/1.9.1/gems/actionpack-3.0.7/lib/action_dispatch/middleware/templates/rescues/_trace.erb (1.0ms)
Rendered C:/Ruby192/lib/ruby/gems/1.9.1/gems/actionpack-3.0.7/lib/action_dispatch/middleware/templates/rescues/_request_and_response.erb (23.0ms)
Rendered C:/Ruby192/lib/ruby/gems/1.9.1/gems/actionpack-3.0.7/lib/action_dispatch/middleware/templates/rescues/diagnostics.erb within rescues/layout (90.0ms)


Started GET "/" for 127.0.0.1 at 2011-07-14 16:33:22 +0400
  Processing by SiteTopNavigationController#betting as HTML
Rendered site_top_navigation/betting.html.erb within layouts/application (4.0ms)
Completed 200 OK in 5ms (Views: 5.0ms | ActiveRecord: 0.0ms)


Started GET "/javascripts/prototype.js?1310635549" for 127.0.0.1 at 2011-07-14 16:33:22 +0400

ActionController::RoutingError (No route matches "/javascripts/prototype.js"):
  

Rendered C:/Ruby192/lib/ruby/gems/1.9.1/gems/actionpack-3.0.7/lib/action_dispatch/middleware/templates/rescues/routing_error.erb within rescues/layout (1.0ms)


Started GET "/stylesheets/grid.css?1310635549" for 127.0.0.1 at 2011-07-14 16:33:22 +0400

ActionController::RoutingError (No route matches "/stylesheets/grid.css"):
  

Rendered C:/Ruby192/lib/ruby/gems/1.9.1/gems/actionpack-3.0.7/lib/action_dispatch/middleware/templates/rescues/routing_error.erb within rescues/layout (1.0ms)


Started GET "/stylesheets/reset.css?1310635549" for 127.0.0.1 at 2011-07-14 16:33:22 +0400

ActionController::RoutingError (No route matches "/stylesheets/reset.css"):
  

Rendered C:/Ruby192/lib/ruby/gems/1.9.1/gems/actionpack-3.0.7/lib/action_dispatch/middleware/templates/rescues/routing_error.erb within rescues/layout (1.0ms)


Started GET "/javascripts/effects.js?1310635549" for 127.0.0.1 at 2011-07-14 16:33:22 +0400

ActionController::RoutingError (No route matches "/javascripts/effects.js"):
  

Rendered C:/Ruby192/lib/ruby/gems/1.9.1/gems/actionpack-3.0.7/lib/action_dispatch/middleware/templates/rescues/routing_error.erb within rescues/layout (1.0ms)


Started GET "/stylesheets/style.css?1310635549" for 127.0.0.1 at 2011-07-14 16:33:22 +0400

ActionController::RoutingError (No route matches "/stylesheets/style.css"):
  

Rendered C:/Ruby192/lib/ruby/gems/1.9.1/gems/actionpack-3.0.7/lib/action_dispatch/middleware/templates/rescues/routing_error.erb within rescues/layout (0.0ms)


Started GET "/javascripts/dragdrop.js?1310635549" for 127.0.0.1 at 2011-07-14 16:33:22 +0400

ActionController::RoutingError (No route matches "/javascripts/dragdrop.js"):
  

Rendered C:/Ruby192/lib/ruby/gems/1.9.1/gems/actionpack-3.0.7/lib/action_dispatch/middleware/templates/rescues/routing_error.erb within rescues/layout (1.0ms)


Started GET "/javascripts/controls.js?1310635549" for 127.0.0.1 at 2011-07-14 16:33:22 +0400

ActionController::RoutingError (No route matches "/javascripts/controls.js"):
  

Rendered C:/Ruby192/lib/ruby/gems/1.9.1/gems/actionpack-3.0.7/lib/action_dispatch/middleware/templates/rescues/routing_error.erb within rescues/layout (1.0ms)


Started GET "/javascripts/rails.js?1310635549" for 127.0.0.1 at 2011-07-14 16:33:22 +0400

ActionController::RoutingError (No route matches "/javascripts/rails.js"):
  

Rendered C:/Ruby192/lib/ruby/gems/1.9.1/gems/actionpack-3.0.7/lib/action_dispatch/middleware/templates/rescues/routing_error.erb within rescues/layout (2.0ms)


Started GET "/javascripts/application.js?1310635549" for 127.0.0.1 at 2011-07-14 16:33:22 +0400

ActionController::RoutingError (No route matches "/javascripts/application.js"):
  

Rendered C:/Ruby192/lib/ruby/gems/1.9.1/gems/actionpack-3.0.7/lib/action_dispatch/middleware/templates/rescues/routing_error.erb within rescues/layout (1.0ms)


Started GET "/users/new" for 127.0.0.1 at 2011-07-14 16:33:25 +0400
  Processing by UsersController#new as HTML
Completed   in 0ms

ActiveRecord::StatementInvalid (Could not find table 'users'):
  app/controllers/users_controller.rb:5:in `new'
  app/controllers/users_controller.rb:5:in `new'

Rendered C:/Ruby192/lib/ruby/gems/1.9.1/gems/actionpack-3.0.7/lib/action_dispatch/middleware/templates/rescues/_trace.erb (23.0ms)
Rendered C:/Ruby192/lib/ruby/gems/1.9.1/gems/actionpack-3.0.7/lib/action_dispatch/middleware/templates/rescues/_request_and_response.erb (4.0ms)
Rendered C:/Ruby192/lib/ruby/gems/1.9.1/gems/actionpack-3.0.7/lib/action_dispatch/middleware/templates/rescues/diagnostics.erb within rescues/layout (36.0ms)


Started GET "/users/1" for 127.0.0.1 at 2011-07-14 16:33:51 +0400
  Processing by UsersController#show as HTML
  Parameters: {"id"=>"1"}
Completed   in 269ms

NoMethodError (undefined method `eq' for nil:NilClass):
  app/controllers/users_controller.rb:10:in `show'

Rendered C:/Ruby192/lib/ruby/gems/1.9.1/gems/actionpack-3.0.7/lib/action_dispatch/middleware/templates/rescues/_trace.erb (2.0ms)
Rendered C:/Ruby192/lib/ruby/gems/1.9.1/gems/actionpack-3.0.7/lib/action_dispatch/middleware/templates/rescues/_request_and_response.erb (4.0ms)
Rendered C:/Ruby192/lib/ruby/gems/1.9.1/gems/actionpack-3.0.7/lib/action_dispatch/middleware/templates/rescues/diagnostics.erb within rescues/layout (18.0ms)


Started GET "/users/2" for 127.0.0.1 at 2011-07-14 16:34:00 +0400
  Processing by UsersController#show as HTML
  Parameters: {"id"=>"2"}
Completed   in 1ms

NoMethodError (undefined method `eq' for nil:NilClass):
  app/controllers/users_controller.rb:10:in `show'

Rendered C:/Ruby192/lib/ruby/gems/1.9.1/gems/actionpack-3.0.7/lib/action_dispatch/middleware/templates/rescues/_trace.erb (2.0ms)
Rendered C:/Ruby192/lib/ruby/gems/1.9.1/gems/actionpack-3.0.7/lib/action_dispatch/middleware/templates/rescues/_request_and_response.erb (3.0ms)
Rendered C:/Ruby192/lib/ruby/gems/1.9.1/gems/actionpack-3.0.7/lib/action_dispatch/middleware/templates/rescues/diagnostics.erb within rescues/layout (15.0ms)


Started GET "/" for 127.0.0.1 at 2011-07-14 16:34:02 +0400
  Processing by SiteTopNavigationController#betting as HTML
Rendered site_top_navigation/betting.html.erb within layouts/application (7.0ms)
Completed 200 OK in 8ms (Views: 8.0ms | ActiveRecord: 1.0ms)


Started GET "/stylesheets/reset.css?1310635549" for 127.0.0.1 at 2011-07-14 16:34:02 +0400

ActionController::RoutingError (No route matches "/stylesheets/reset.css"):
  

Rendered C:/Ruby192/lib/ruby/gems/1.9.1/gems/actionpack-3.0.7/lib/action_dispatch/middleware/templates/rescues/routing_error.erb within rescues/layout (1.0ms)


Started GET "/stylesheets/grid.css?1310635549" for 127.0.0.1 at 2011-07-14 16:34:02 +0400

ActionController::RoutingError (No route matches "/stylesheets/grid.css"):
  

Rendered C:/Ruby192/lib/ruby/gems/1.9.1/gems/actionpack-3.0.7/lib/action_dispatch/middleware/templates/rescues/routing_error.erb within rescues/layout (2.0ms)


Started GET "/stylesheets/style.css?1310635549" for 127.0.0.1 at 2011-07-14 16:34:02 +0400

ActionController::RoutingError (No route matches "/stylesheets/style.css"):
  

Rendered C:/Ruby192/lib/ruby/gems/1.9.1/gems/actionpack-3.0.7/lib/action_dispatch/middleware/templates/rescues/routing_error.erb within rescues/layout (1.0ms)


Started GET "/javascripts/effects.js?1310635549" for 127.0.0.1 at 2011-07-14 16:34:02 +0400

ActionController::RoutingError (No route matches "/javascripts/effects.js"):
  

Rendered C:/Ruby192/lib/ruby/gems/1.9.1/gems/actionpack-3.0.7/lib/action_dispatch/middleware/templates/rescues/routing_error.erb within rescues/layout (1.0ms)


Started GET "/javascripts/prototype.js?1310635549" for 127.0.0.1 at 2011-07-14 16:34:02 +0400

ActionController::RoutingError (No route matches "/javascripts/prototype.js"):
  

Rendered C:/Ruby192/lib/ruby/gems/1.9.1/gems/actionpack-3.0.7/lib/action_dispatch/middleware/templates/rescues/routing_error.erb within rescues/layout (2.0ms)


Started GET "/javascripts/dragdrop.js?1310635549" for 127.0.0.1 at 2011-07-14 16:34:02 +0400

ActionController::RoutingError (No route matches "/javascripts/dragdrop.js"):
  

Rendered C:/Ruby192/lib/ruby/gems/1.9.1/gems/actionpack-3.0.7/lib/action_dispatch/middleware/templates/rescues/routing_error.erb within rescues/layout (1.0ms)


Started GET "/javascripts/controls.js?1310635549" for 127.0.0.1 at 2011-07-14 16:34:02 +0400

ActionController::RoutingError (No route matches "/javascripts/controls.js"):
  

Rendered C:/Ruby192/lib/ruby/gems/1.9.1/gems/actionpack-3.0.7/lib/action_dispatch/middleware/templates/rescues/routing_error.erb within rescues/layout (2.0ms)


Started GET "/javascripts/rails.js?1310635549" for 127.0.0.1 at 2011-07-14 16:34:02 +0400

ActionController::RoutingError (No route matches "/javascripts/rails.js"):
  

Rendered C:/Ruby192/lib/ruby/gems/1.9.1/gems/actionpack-3.0.7/lib/action_dispatch/middleware/templates/rescues/routing_error.erb within rescues/layout (1.0ms)


Started GET "/javascripts/application.js?1310635549" for 127.0.0.1 at 2011-07-14 16:34:03 +0400

ActionController::RoutingError (No route matches "/javascripts/application.js"):
  

Rendered C:/Ruby192/lib/ruby/gems/1.9.1/gems/actionpack-3.0.7/lib/action_dispatch/middleware/templates/rescues/routing_error.erb within rescues/layout (2.0ms)


Started GET "/" for 127.0.0.1 at 2011-07-14 16:36:05 +0400
  Processing by SiteTopNavigationController#betting as HTML
Rendered site_top_navigation/betting.html.erb within layouts/application (26.0ms)
Completed 200 OK in 30ms (Views: 26.0ms | ActiveRecord: 0.0ms)


Started GET "/stylesheets/style.css?1310635549" for 127.0.0.1 at 2011-07-14 16:36:05 +0400

ActionController::RoutingError (No route matches "/stylesheets/style.css"):
  

Rendered C:/Ruby192/lib/ruby/gems/1.9.1/gems/actionpack-3.0.7/lib/action_dispatch/middleware/templates/rescues/routing_error.erb within rescues/layout (1.0ms)


Started GET "/stylesheets/reset.css?1310635549" for 127.0.0.1 at 2011-07-14 16:36:05 +0400

ActionController::RoutingError (No route matches "/stylesheets/reset.css"):
  

Rendered C:/Ruby192/lib/ruby/gems/1.9.1/gems/actionpack-3.0.7/lib/action_dispatch/middleware/templates/rescues/routing_error.erb within rescues/layout (1.0ms)


Started GET "/javascripts/prototype.js?1310635549" for 127.0.0.1 at 2011-07-14 16:36:06 +0400

ActionController::RoutingError (No route matches "/javascripts/prototype.js"):
  

Rendered C:/Ruby192/lib/ruby/gems/1.9.1/gems/actionpack-3.0.7/lib/action_dispatch/middleware/templates/rescues/routing_error.erb within rescues/layout (1.0ms)


Started GET "/stylesheets/grid.css?1310635549" for 127.0.0.1 at 2011-07-14 16:36:06 +0400

ActionController::RoutingError (No route matches "/stylesheets/grid.css"):
  

Rendered C:/Ruby192/lib/ruby/gems/1.9.1/gems/actionpack-3.0.7/lib/action_dispatch/middleware/templates/rescues/routing_error.erb within rescues/layout (2.0ms)


Started GET "/javascripts/effects.js?1310635549" for 127.0.0.1 at 2011-07-14 16:36:06 +0400

ActionController::RoutingError (No route matches "/javascripts/effects.js"):
  

Rendered C:/Ruby192/lib/ruby/gems/1.9.1/gems/actionpack-3.0.7/lib/action_dispatch/middleware/templates/rescues/routing_error.erb within rescues/layout (1.0ms)


Started GET "/javascripts/dragdrop.js?1310635549" for 127.0.0.1 at 2011-07-14 16:36:06 +0400

ActionController::RoutingError (No route matches "/javascripts/dragdrop.js"):
  

Rendered C:/Ruby192/lib/ruby/gems/1.9.1/gems/actionpack-3.0.7/lib/action_dispatch/middleware/templates/rescues/routing_error.erb within rescues/layout (2.0ms)


Started GET "/javascripts/rails.js?1310635549" for 127.0.0.1 at 2011-07-14 16:36:06 +0400

ActionController::RoutingError (No route matches "/javascripts/rails.js"):
  

Rendered C:/Ruby192/lib/ruby/gems/1.9.1/gems/actionpack-3.0.7/lib/action_dispatch/middleware/templates/rescues/routing_error.erb within rescues/layout (1.0ms)


Started GET "/javascripts/application.js?1310635549" for 127.0.0.1 at 2011-07-14 16:36:06 +0400

ActionController::RoutingError (No route matches "/javascripts/application.js"):
  

Rendered C:/Ruby192/lib/ruby/gems/1.9.1/gems/actionpack-3.0.7/lib/action_dispatch/middleware/templates/rescues/routing_error.erb within rescues/layout (1.0ms)


Started GET "/javascripts/controls.js?1310635549" for 127.0.0.1 at 2011-07-14 16:36:06 +0400

ActionController::RoutingError (No route matches "/javascripts/controls.js"):
  

Rendered C:/Ruby192/lib/ruby/gems/1.9.1/gems/actionpack-3.0.7/lib/action_dispatch/middleware/templates/rescues/routing_error.erb within rescues/layout (2.0ms)


Started GET "/users/new" for 127.0.0.1 at 2011-07-14 16:36:07 +0400
  Processing by UsersController#new as HTML
Completed   in 0ms

ActiveRecord::StatementInvalid (Could not find table 'users'):
  app/controllers/users_controller.rb:5:in `new'
  app/controllers/users_controller.rb:5:in `new'

Rendered C:/Ruby192/lib/ruby/gems/1.9.1/gems/actionpack-3.0.7/lib/action_dispatch/middleware/templates/rescues/_trace.erb (1.0ms)
Rendered C:/Ruby192/lib/ruby/gems/1.9.1/gems/actionpack-3.0.7/lib/action_dispatch/middleware/templates/rescues/_request_and_response.erb (4.0ms)
Rendered C:/Ruby192/lib/ruby/gems/1.9.1/gems/actionpack-3.0.7/lib/action_dispatch/middleware/templates/rescues/diagnostics.erb within rescues/layout (15.0ms)


Started GET "/users/new" for 127.0.0.1 at 2011-07-14 16:36:45 +0400
  Processing by UsersController#new as HTML
Completed   in 0ms

ActiveRecord::StatementInvalid (Could not find table 'users'):
  app/controllers/users_controller.rb:5:in `new'
  app/controllers/users_controller.rb:5:in `new'

Rendered C:/Ruby192/lib/ruby/gems/1.9.1/gems/actionpack-3.0.7/lib/action_dispatch/middleware/templates/rescues/_trace.erb (2.0ms)
Rendered C:/Ruby192/lib/ruby/gems/1.9.1/gems/actionpack-3.0.7/lib/action_dispatch/middleware/templates/rescues/_request_and_response.erb (2.0ms)
Rendered C:/Ruby192/lib/ruby/gems/1.9.1/gems/actionpack-3.0.7/lib/action_dispatch/middleware/templates/rescues/diagnostics.erb within rescues/layout (16.0ms)


Started GET "/" for 127.0.0.1 at 2011-07-14 16:36:49 +0400
  Processing by SiteTopNavigationController#betting as HTML
Rendered site_top_navigation/betting.html.erb within layouts/application (7.0ms)
Completed 200 OK in 8ms (Views: 8.0ms | ActiveRecord: 0.0ms)


Started GET "/javascripts/dragdrop.js?1310635549" for 127.0.0.1 at 2011-07-14 16:36:49 +0400

ActionController::RoutingError (No route matches "/javascripts/dragdrop.js"):
  

Rendered C:/Ruby192/lib/ruby/gems/1.9.1/gems/actionpack-3.0.7/lib/action_dispatch/middleware/templates/rescues/routing_error.erb within rescues/layout (1.0ms)


Started GET "/stylesheets/grid.css?1310635549" for 127.0.0.1 at 2011-07-14 16:36:49 +0400

ActionController::RoutingError (No route matches "/stylesheets/grid.css"):
  

Rendered C:/Ruby192/lib/ruby/gems/1.9.1/gems/actionpack-3.0.7/lib/action_dispatch/middleware/templates/rescues/routing_error.erb within rescues/layout (2.0ms)


Started GET "/stylesheets/reset.css?1310635549" for 127.0.0.1 at 2011-07-14 16:36:49 +0400

ActionController::RoutingError (No route matches "/stylesheets/reset.css"):
  

Rendered C:/Ruby192/lib/ruby/gems/1.9.1/gems/actionpack-3.0.7/lib/action_dispatch/middleware/templates/rescues/routing_error.erb within rescues/layout (1.0ms)


Started GET "/javascripts/effects.js?1310635549" for 127.0.0.1 at 2011-07-14 16:36:49 +0400

ActionController::RoutingError (No route matches "/javascripts/effects.js"):
  

Rendered C:/Ruby192/lib/ruby/gems/1.9.1/gems/actionpack-3.0.7/lib/action_dispatch/middleware/templates/rescues/routing_error.erb within rescues/layout (1.0ms)


Started GET "/javascripts/prototype.js?1310635549" for 127.0.0.1 at 2011-07-14 16:36:49 +0400

ActionController::RoutingError (No route matches "/javascripts/prototype.js"):
  

Rendered C:/Ruby192/lib/ruby/gems/1.9.1/gems/actionpack-3.0.7/lib/action_dispatch/middleware/templates/rescues/routing_error.erb within rescues/layout (1.0ms)


Started GET "/stylesheets/style.css?1310635549" for 127.0.0.1 at 2011-07-14 16:36:49 +0400

ActionController::RoutingError (No route matches "/stylesheets/style.css"):
  

Rendered C:/Ruby192/lib/ruby/gems/1.9.1/gems/actionpack-3.0.7/lib/action_dispatch/middleware/templates/rescues/routing_error.erb within rescues/layout (1.0ms)


Started GET "/javascripts/controls.js?1310635549" for 127.0.0.1 at 2011-07-14 16:36:49 +0400

ActionController::RoutingError (No route matches "/javascripts/controls.js"):
  

Rendered C:/Ruby192/lib/ruby/gems/1.9.1/gems/actionpack-3.0.7/lib/action_dispatch/middleware/templates/rescues/routing_error.erb within rescues/layout (2.0ms)


Started GET "/javascripts/rails.js?1310635549" for 127.0.0.1 at 2011-07-14 16:36:49 +0400

ActionController::RoutingError (No route matches "/javascripts/rails.js"):
  

Rendered C:/Ruby192/lib/ruby/gems/1.9.1/gems/actionpack-3.0.7/lib/action_dispatch/middleware/templates/rescues/routing_error.erb within rescues/layout (1.0ms)


Started GET "/javascripts/application.js?1310635549" for 127.0.0.1 at 2011-07-14 16:36:49 +0400

ActionController::RoutingError (No route matches "/javascripts/application.js"):
  

Rendered C:/Ruby192/lib/ruby/gems/1.9.1/gems/actionpack-3.0.7/lib/action_dispatch/middleware/templates/rescues/routing_error.erb within rescues/layout (1.0ms)


Started GET "/" for 127.0.0.1 at 2011-07-14 16:37:12 +0400
  Processing by SiteTopNavigationController#betting as HTML
Rendered site_top_navigation/betting.html.erb within layouts/application (6.0ms)
Completed 200 OK in 7ms (Views: 7.0ms | ActiveRecord: 0.0ms)


Started GET "/stylesheets/reset.css?1310635549" for 127.0.0.1 at 2011-07-14 16:37:12 +0400

ActionController::RoutingError (No route matches "/stylesheets/reset.css"):
  

Rendered C:/Ruby192/lib/ruby/gems/1.9.1/gems/actionpack-3.0.7/lib/action_dispatch/middleware/templates/rescues/routing_error.erb within rescues/layout (1.0ms)


Started GET "/javascripts/prototype.js?1310635549" for 127.0.0.1 at 2011-07-14 16:37:12 +0400

ActionController::RoutingError (No route matches "/javascripts/prototype.js"):
  

Rendered C:/Ruby192/lib/ruby/gems/1.9.1/gems/actionpack-3.0.7/lib/action_dispatch/middleware/templates/rescues/routing_error.erb within rescues/layout (1.0ms)


Started GET "/javascripts/dragdrop.js?1310635549" for 127.0.0.1 at 2011-07-14 16:37:12 +0400

ActionController::RoutingError (No route matches "/javascripts/dragdrop.js"):
  

Rendered C:/Ruby192/lib/ruby/gems/1.9.1/gems/actionpack-3.0.7/lib/action_dispatch/middleware/templates/rescues/routing_error.erb within rescues/layout (1.0ms)


Started GET "/stylesheets/style.css?1310635549" for 127.0.0.1 at 2011-07-14 16:37:12 +0400

ActionController::RoutingError (No route matches "/stylesheets/style.css"):
  

Rendered C:/Ruby192/lib/ruby/gems/1.9.1/gems/actionpack-3.0.7/lib/action_dispatch/middleware/templates/rescues/routing_error.erb within rescues/layout (1.0ms)


Started GET "/javascripts/effects.js?1310635549" for 127.0.0.1 at 2011-07-14 16:37:12 +0400

ActionController::RoutingError (No route matches "/javascripts/effects.js"):
  

Rendered C:/Ruby192/lib/ruby/gems/1.9.1/gems/actionpack-3.0.7/lib/action_dispatch/middleware/templates/rescues/routing_error.erb within rescues/layout (1.0ms)


Started GET "/stylesheets/grid.css?1310635549" for 127.0.0.1 at 2011-07-14 16:37:12 +0400

ActionController::RoutingError (No route matches "/stylesheets/grid.css"):
  

Rendered C:/Ruby192/lib/ruby/gems/1.9.1/gems/actionpack-3.0.7/lib/action_dispatch/middleware/templates/rescues/routing_error.erb within rescues/layout (1.0ms)


Started GET "/javascripts/controls.js?1310635549" for 127.0.0.1 at 2011-07-14 16:37:12 +0400

ActionController::RoutingError (No route matches "/javascripts/controls.js"):
  

Rendered C:/Ruby192/lib/ruby/gems/1.9.1/gems/actionpack-3.0.7/lib/action_dispatch/middleware/templates/rescues/routing_error.erb within rescues/layout (1.0ms)


Started GET "/javascripts/rails.js?1310635549" for 127.0.0.1 at 2011-07-14 16:37:12 +0400

ActionController::RoutingError (No route matches "/javascripts/rails.js"):
  

Rendered C:/Ruby192/lib/ruby/gems/1.9.1/gems/actionpack-3.0.7/lib/action_dispatch/middleware/templates/rescues/routing_error.erb within rescues/layout (1.0ms)


Started GET "/javascripts/application.js?1310635549" for 127.0.0.1 at 2011-07-14 16:37:12 +0400

ActionController::RoutingError (No route matches "/javascripts/application.js"):
  

Rendered C:/Ruby192/lib/ruby/gems/1.9.1/gems/actionpack-3.0.7/lib/action_dispatch/middleware/templates/rescues/routing_error.erb within rescues/layout (1.0ms)


Started GET "/" for 127.0.0.1 at 2011-07-14 16:37:13 +0400
  Processing by SiteTopNavigationController#betting as HTML
Rendered site_top_navigation/betting.html.erb within layouts/application (6.0ms)
Completed 200 OK in 8ms (Views: 7.0ms | ActiveRecord: 0.0ms)


Started GET "/stylesheets/grid.css?1310635549" for 127.0.0.1 at 2011-07-14 16:37:13 +0400

ActionController::RoutingError (No route matches "/stylesheets/grid.css"):
  

Rendered C:/Ruby192/lib/ruby/gems/1.9.1/gems/actionpack-3.0.7/lib/action_dispatch/middleware/templates/rescues/routing_error.erb within rescues/layout (1.0ms)


Started GET "/stylesheets/style.css?1310635549" for 127.0.0.1 at 2011-07-14 16:37:13 +0400

ActionController::RoutingError (No route matches "/stylesheets/style.css"):
  

Rendered C:/Ruby192/lib/ruby/gems/1.9.1/gems/actionpack-3.0.7/lib/action_dispatch/middleware/templates/rescues/routing_error.erb within rescues/layout (2.0ms)


Started GET "/javascripts/prototype.js?1310635549" for 127.0.0.1 at 2011-07-14 16:37:13 +0400

ActionController::RoutingError (No route matches "/javascripts/prototype.js"):
  

Rendered C:/Ruby192/lib/ruby/gems/1.9.1/gems/actionpack-3.0.7/lib/action_dispatch/middleware/templates/rescues/routing_error.erb within rescues/layout (1.0ms)


Started GET "/stylesheets/reset.css?1310635549" for 127.0.0.1 at 2011-07-14 16:37:13 +0400

ActionController::RoutingError (No route matches "/stylesheets/reset.css"):
  

Rendered C:/Ruby192/lib/ruby/gems/1.9.1/gems/actionpack-3.0.7/lib/action_dispatch/middleware/templates/rescues/routing_error.erb within rescues/layout (1.0ms)


Started GET "/javascripts/dragdrop.js?1310635549" for 127.0.0.1 at 2011-07-14 16:37:13 +0400

ActionController::RoutingError (No route matches "/javascripts/dragdrop.js"):
  

Rendered C:/Ruby192/lib/ruby/gems/1.9.1/gems/actionpack-3.0.7/lib/action_dispatch/middleware/templates/rescues/routing_error.erb within rescues/layout (2.0ms)


Started GET "/javascripts/effects.js?1310635549" for 127.0.0.1 at 2011-07-14 16:37:13 +0400

ActionController::RoutingError (No route matches "/javascripts/effects.js"):
  

Rendered C:/Ruby192/lib/ruby/gems/1.9.1/gems/actionpack-3.0.7/lib/action_dispatch/middleware/templates/rescues/routing_error.erb within rescues/layout (1.0ms)


Started GET "/javascripts/controls.js?1310635549" for 127.0.0.1 at 2011-07-14 16:37:13 +0400

ActionController::RoutingError (No route matches "/javascripts/controls.js"):
  

Rendered C:/Ruby192/lib/ruby/gems/1.9.1/gems/actionpack-3.0.7/lib/action_dispatch/middleware/templates/rescues/routing_error.erb within rescues/layout (2.0ms)


Started GET "/javascripts/rails.js?1310635549" for 127.0.0.1 at 2011-07-14 16:37:13 +0400

ActionController::RoutingError (No route matches "/javascripts/rails.js"):
  

Rendered C:/Ruby192/lib/ruby/gems/1.9.1/gems/actionpack-3.0.7/lib/action_dispatch/middleware/templates/rescues/routing_error.erb within rescues/layout (1.0ms)


Started GET "/javascripts/application.js?1310635549" for 127.0.0.1 at 2011-07-14 16:37:13 +0400

ActionController::RoutingError (No route matches "/javascripts/application.js"):
  

Rendered C:/Ruby192/lib/ruby/gems/1.9.1/gems/actionpack-3.0.7/lib/action_dispatch/middleware/templates/rescues/routing_error.erb within rescues/layout (2.0ms)


Started GET "/users/new" for 127.0.0.1 at 2011-07-14 16:38:13 +0400
  Processing by UsersController#new as HTML
Completed   in 1ms

ActiveRecord::StatementInvalid (Could not find table 'users'):
  app/controllers/users_controller.rb:5:in `new'
  app/controllers/users_controller.rb:5:in `new'

Rendered C:/Ruby192/lib/ruby/gems/1.9.1/gems/actionpack-3.0.7/lib/action_dispatch/middleware/templates/rescues/_trace.erb (2.0ms)
Rendered C:/Ruby192/lib/ruby/gems/1.9.1/gems/actionpack-3.0.7/lib/action_dispatch/middleware/templates/rescues/_request_and_response.erb (6.0ms)
Rendered C:/Ruby192/lib/ruby/gems/1.9.1/gems/actionpack-3.0.7/lib/action_dispatch/middleware/templates/rescues/diagnostics.erb within rescues/layout (25.0ms)


Started GET "/users/new" for 127.0.0.1 at 2011-07-14 16:39:14 +0400
  Processing by UsersController#new as HTML
Completed   in 0ms

ActiveRecord::StatementInvalid (Could not find table 'users'):
  app/controllers/users_controller.rb:5:in `new'
  app/controllers/users_controller.rb:5:in `new'

Rendered C:/Ruby192/lib/ruby/gems/1.9.1/gems/actionpack-3.0.7/lib/action_dispatch/middleware/templates/rescues/_trace.erb (2.0ms)
Rendered C:/Ruby192/lib/ruby/gems/1.9.1/gems/actionpack-3.0.7/lib/action_dispatch/middleware/templates/rescues/_request_and_response.erb (3.0ms)
Rendered C:/Ruby192/lib/ruby/gems/1.9.1/gems/actionpack-3.0.7/lib/action_dispatch/middleware/templates/rescues/diagnostics.erb within rescues/layout (15.0ms)


Started GET "/" for 127.0.0.1 at 2011-07-14 16:39:16 +0400
  Processing by SiteTopNavigationController#betting as HTML
Rendered site_top_navigation/betting.html.erb within layouts/application (6.0ms)
Completed 200 OK in 7ms (Views: 7.0ms | ActiveRecord: 0.0ms)


Started GET "/stylesheets/grid.css?1310635549" for 127.0.0.1 at 2011-07-14 16:39:16 +0400

ActionController::RoutingError (No route matches "/stylesheets/grid.css"):
  

Rendered C:/Ruby192/lib/ruby/gems/1.9.1/gems/actionpack-3.0.7/lib/action_dispatch/middleware/templates/rescues/routing_error.erb within rescues/layout (2.0ms)


Started GET "/javascripts/dragdrop.js?1310635549" for 127.0.0.1 at 2011-07-14 16:39:16 +0400

ActionController::RoutingError (No route matches "/javascripts/dragdrop.js"):
  

Rendered C:/Ruby192/lib/ruby/gems/1.9.1/gems/actionpack-3.0.7/lib/action_dispatch/middleware/templates/rescues/routing_error.erb within rescues/layout (2.0ms)


Started GET "/stylesheets/reset.css?1310635549" for 127.0.0.1 at 2011-07-14 16:39:16 +0400

ActionController::RoutingError (No route matches "/stylesheets/reset.css"):
  

Rendered C:/Ruby192/lib/ruby/gems/1.9.1/gems/actionpack-3.0.7/lib/action_dispatch/middleware/templates/rescues/routing_error.erb within rescues/layout (1.0ms)


Started GET "/javascripts/prototype.js?1310635549" for 127.0.0.1 at 2011-07-14 16:39:16 +0400

ActionController::RoutingError (No route matches "/javascripts/prototype.js"):
  

Rendered C:/Ruby192/lib/ruby/gems/1.9.1/gems/actionpack-3.0.7/lib/action_dispatch/middleware/templates/rescues/routing_error.erb within rescues/layout (1.0ms)


Started GET "/stylesheets/style.css?1310635549" for 127.0.0.1 at 2011-07-14 16:39:16 +0400

ActionController::RoutingError (No route matches "/stylesheets/style.css"):
  

Rendered C:/Ruby192/lib/ruby/gems/1.9.1/gems/actionpack-3.0.7/lib/action_dispatch/middleware/templates/rescues/routing_error.erb within rescues/layout (1.0ms)


Started GET "/javascripts/effects.js?1310635549" for 127.0.0.1 at 2011-07-14 16:39:16 +0400

ActionController::RoutingError (No route matches "/javascripts/effects.js"):
  

Rendered C:/Ruby192/lib/ruby/gems/1.9.1/gems/actionpack-3.0.7/lib/action_dispatch/middleware/templates/rescues/routing_error.erb within rescues/layout (1.0ms)


Started GET "/javascripts/controls.js?1310635549" for 127.0.0.1 at 2011-07-14 16:39:16 +0400

ActionController::RoutingError (No route matches "/javascripts/controls.js"):
  

Rendered C:/Ruby192/lib/ruby/gems/1.9.1/gems/actionpack-3.0.7/lib/action_dispatch/middleware/templates/rescues/routing_error.erb within rescues/layout (2.0ms)


Started GET "/javascripts/rails.js?1310635549" for 127.0.0.1 at 2011-07-14 16:39:16 +0400

ActionController::RoutingError (No route matches "/javascripts/rails.js"):
  

Rendered C:/Ruby192/lib/ruby/gems/1.9.1/gems/actionpack-3.0.7/lib/action_dispatch/middleware/templates/rescues/routing_error.erb within rescues/layout (1.0ms)


Started GET "/javascripts/application.js?1310635549" for 127.0.0.1 at 2011-07-14 16:39:16 +0400

ActionController::RoutingError (No route matches "/javascripts/application.js"):
  

Rendered C:/Ruby192/lib/ruby/gems/1.9.1/gems/actionpack-3.0.7/lib/action_dispatch/middleware/templates/rescues/routing_error.erb within rescues/layout (2.0ms)


Started GET "/users/new" for 127.0.0.1 at 2011-07-14 16:39:18 +0400
  Processing by UsersController#new as HTML
Completed   in 0ms

ActiveRecord::StatementInvalid (Could not find table 'users'):
  app/controllers/users_controller.rb:5:in `new'
  app/controllers/users_controller.rb:5:in `new'

Rendered C:/Ruby192/lib/ruby/gems/1.9.1/gems/actionpack-3.0.7/lib/action_dispatch/middleware/templates/rescues/_trace.erb (2.0ms)
Rendered C:/Ruby192/lib/ruby/gems/1.9.1/gems/actionpack-3.0.7/lib/action_dispatch/middleware/templates/rescues/_request_and_response.erb (3.0ms)
Rendered C:/Ruby192/lib/ruby/gems/1.9.1/gems/actionpack-3.0.7/lib/action_dispatch/middleware/templates/rescues/diagnostics.erb within rescues/layout (17.0ms)


Started GET "/" for 127.0.0.1 at 2011-07-14 16:39:49 +0400
  Processing by SiteTopNavigationController#betting as HTML
Rendered site_top_navigation/betting.html.erb within layouts/application (4.0ms)
Completed 200 OK in 5ms (Views: 4.0ms | ActiveRecord: 0.0ms)


Started GET "/stylesheets/style.css?1310635549" for 127.0.0.1 at 2011-07-14 16:39:50 +0400

ActionController::RoutingError (No route matches "/stylesheets/style.css"):
  

Rendered C:/Ruby192/lib/ruby/gems/1.9.1/gems/actionpack-3.0.7/lib/action_dispatch/middleware/templates/rescues/routing_error.erb within rescues/layout (1.0ms)


Started GET "/stylesheets/grid.css?1310635549" for 127.0.0.1 at 2011-07-14 16:39:50 +0400

ActionController::RoutingError (No route matches "/stylesheets/grid.css"):
  

Rendered C:/Ruby192/lib/ruby/gems/1.9.1/gems/actionpack-3.0.7/lib/action_dispatch/middleware/templates/rescues/routing_error.erb within rescues/layout (1.0ms)


Started GET "/stylesheets/reset.css?1310635549" for 127.0.0.1 at 2011-07-14 16:39:50 +0400

ActionController::RoutingError (No route matches "/stylesheets/reset.css"):
  

Rendered C:/Ruby192/lib/ruby/gems/1.9.1/gems/actionpack-3.0.7/lib/action_dispatch/middleware/templates/rescues/routing_error.erb within rescues/layout (1.0ms)


Started GET "/javascripts/prototype.js?1310635549" for 127.0.0.1 at 2011-07-14 16:39:50 +0400

ActionController::RoutingError (No route matches "/javascripts/prototype.js"):
  

Rendered C:/Ruby192/lib/ruby/gems/1.9.1/gems/actionpack-3.0.7/lib/action_dispatch/middleware/templates/rescues/routing_error.erb within rescues/layout (1.0ms)


Started GET "/javascripts/dragdrop.js?1310635549" for 127.0.0.1 at 2011-07-14 16:39:50 +0400

ActionController::RoutingError (No route matches "/javascripts/dragdrop.js"):
  

Rendered C:/Ruby192/lib/ruby/gems/1.9.1/gems/actionpack-3.0.7/lib/action_dispatch/middleware/templates/rescues/routing_error.erb within rescues/layout (1.0ms)


Started GET "/javascripts/effects.js?1310635549" for 127.0.0.1 at 2011-07-14 16:39:50 +0400

ActionController::RoutingError (No route matches "/javascripts/effects.js"):
  

Rendered C:/Ruby192/lib/ruby/gems/1.9.1/gems/actionpack-3.0.7/lib/action_dispatch/middleware/templates/rescues/routing_error.erb within rescues/layout (1.0ms)


Started GET "/javascripts/controls.js?1310635549" for 127.0.0.1 at 2011-07-14 16:39:50 +0400

ActionController::RoutingError (No route matches "/javascripts/controls.js"):
  

Rendered C:/Ruby192/lib/ruby/gems/1.9.1/gems/actionpack-3.0.7/lib/action_dispatch/middleware/templates/rescues/routing_error.erb within rescues/layout (1.0ms)


Started GET "/javascripts/rails.js?1310635549" for 127.0.0.1 at 2011-07-14 16:39:50 +0400

ActionController::RoutingError (No route matches "/javascripts/rails.js"):
  

Rendered C:/Ruby192/lib/ruby/gems/1.9.1/gems/actionpack-3.0.7/lib/action_dispatch/middleware/templates/rescues/routing_error.erb within rescues/layout (1.0ms)


Started GET "/javascripts/application.js?1310635549" for 127.0.0.1 at 2011-07-14 16:39:50 +0400

ActionController::RoutingError (No route matches "/javascripts/application.js"):
  

Rendered C:/Ruby192/lib/ruby/gems/1.9.1/gems/actionpack-3.0.7/lib/action_dispatch/middleware/templates/rescues/routing_error.erb within rescues/layout (2.0ms)
